[debug] [2021-08-02T15:08:03.042Z] ----------------------------------------------------------------------
[debug] [2021-08-02T15:08:03.047Z] Command:       /usr/local/bin/node /usr/local/bin/firebase deploy
[debug] [2021-08-02T15:08:03.047Z] CLI Version:   9.14.0
[debug] [2021-08-02T15:08:03.047Z] Platform:      darwin
[debug] [2021-08-02T15:08:03.048Z] Node Version:  v12.18.3
[debug] [2021-08-02T15:08:03.187Z] Time:          Mon Aug 02 2021 17:08:03 GMT+0200 (Central European Summer Time)
[debug] [2021-08-02T15:08:03.188Z] ----------------------------------------------------------------------
[debug] 
[debug] [2021-08-02T15:08:03.203Z] >>> [apiv2][query] GET https://firebase-public.firebaseio.com/cli.json [none]
[debug] [2021-08-02T15:08:03.304Z] > command requires scopes: ["email","openid","https://www.googleapis.com/auth/cloudplatformprojects.readonly","https://www.googleapis.com/auth/firebase","https://www.googleapis.com/auth/cloud-platform"]
[debug] [2021-08-02T15:08:03.305Z] > authorizing via signed-in user (sdochead@gmail.com)
[debug] [2021-08-02T15:08:03.305Z] [iam] checking project vitacoach for permissions ["cloudfunctions.functions.create","cloudfunctions.functions.delete","cloudfunctions.functions.get","cloudfunctions.functions.list","cloudfunctions.functions.update","cloudfunctions.operations.get","firebase.projects.get","firebasehosting.sites.update"]
[debug] [2021-08-02T15:08:03.307Z] > refreshing access token with scopes: ["email","https://www.googleapis.com/auth/cloud-platform","https://www.googleapis.com/auth/cloudplatformprojects.readonly","https://www.googleapis.com/auth/firebase","openid"]
[debug] [2021-08-02T15:08:03.308Z] >>> HTTP REQUEST POST https://www.googleapis.com/oauth2/v3/token  
 <request body omitted>
[debug] [2021-08-02T15:08:04.677Z] <<< [apiv2][status] GET https://firebase-public.firebaseio.com/cli.json 200
[debug] [2021-08-02T15:08:04.678Z] <<< [apiv2][body] GET https://firebase-public.firebaseio.com/cli.json {"cloudBuildErrorAfter":1594252800000,"cloudBuildWarnAfter":1590019200000,"defaultNode10After":1594252800000,"minVersion":"3.0.5","node8DeploysDisabledAfter":1613390400000,"node8RuntimeDisabledAfter":1615809600000,"node8WarnAfter":1600128000000}
[debug] [2021-08-02T15:08:05.726Z] <<< HTTP RESPONSE 200 {"cache-control":"no-cache, no-store, max-age=0, must-revalidate","expires":"Mon, 01 Jan 1990 00:00:00 GMT","pragma":"no-cache","date":"Mon, 02 Aug 2021 15:08:05 GMT","content-type":"application/json; charset=utf-8","vary":"X-Origin, Referer, Origin,Accept-Encoding","server":"scaffolding on HTTPServer2","x-xss-protection":"0","x-frame-options":"SAMEORIGIN","x-content-type-options":"nosniff","alt-svc":"h3=\":443\"; ma=2592000,h3-29=\":443\"; ma=2592000,h3-T051=\":443\"; ma=2592000,h3-Q050=\":443\"; ma=2592000,h3-Q046=\":443\"; ma=2592000,h3-Q043=\":443\"; ma=2592000,quic=\":443\"; ma=2592000; v=\"46,43\"","accept-ranges":"none","transfer-encoding":"chunked"}
[debug] [2021-08-02T15:08:05.914Z] >>> HTTP REQUEST POST https://cloudresourcemanager.googleapis.com/v1/projects/vitacoach:testIamPermissions  
 {"permissions":["cloudfunctions.functions.create","cloudfunctions.functions.delete","cloudfunctions.functions.get","cloudfunctions.functions.list","cloudfunctions.functions.update","cloudfunctions.operations.get","firebase.projects.get","firebasehosting.sites.update"]}
[debug] [2021-08-02T15:08:16.120Z] [iam] error while checking permissions, command may fail: FirebaseError: Server Error. socket hang up
[debug] [2021-08-02T15:08:16.121Z] >>> HTTP REQUEST POST https://iam.googleapis.com/v1/projects/vitacoach/serviceAccounts/vitacoach@appspot.gserviceaccount.com:testIamPermissions  
 {"permissions":["iam.serviceAccounts.actAs"]}
[debug] [2021-08-02T15:08:17.335Z] <<< HTTP RESPONSE 200 {"content-type":"application/json; charset=UTF-8","vary":"X-Origin, Referer, Origin,Accept-Encoding","date":"Mon, 02 Aug 2021 15:08:17 GMT","server":"ESF","cache-control":"private","x-xss-protection":"0","x-frame-options":"SAMEORIGIN","x-content-type-options":"nosniff","alt-svc":"h3=\":443\"; ma=2592000,h3-29=\":443\"; ma=2592000,h3-T051=\":443\"; ma=2592000,h3-Q050=\":443\"; ma=2592000,h3-Q046=\":443\"; ma=2592000,h3-Q043=\":443\"; ma=2592000,quic=\":443\"; ma=2592000; v=\"46,43\"","accept-ranges":"none","transfer-encoding":"chunked"}
[debug] [2021-08-02T15:08:17.337Z] > refreshing access token with scopes: []
[debug] [2021-08-02T15:08:17.337Z] >>> HTTP REQUEST POST https://www.googleapis.com/oauth2/v3/token  
 <request body omitted>
[debug] [2021-08-02T15:08:17.868Z] <<< HTTP RESPONSE 200 {"cache-control":"no-cache, no-store, max-age=0, must-revalidate","pragma":"no-cache","expires":"Mon, 01 Jan 1990 00:00:00 GMT","date":"Mon, 02 Aug 2021 15:08:17 GMT","content-type":"application/json; charset=utf-8","vary":"X-Origin, Referer, Origin,Accept-Encoding","server":"scaffolding on HTTPServer2","x-xss-protection":"0","x-frame-options":"SAMEORIGIN","x-content-type-options":"nosniff","alt-svc":"h3=\":443\"; ma=2592000,h3-29=\":443\"; ma=2592000,h3-T051=\":443\"; ma=2592000,h3-Q050=\":443\"; ma=2592000,h3-Q046=\":443\"; ma=2592000,h3-Q043=\":443\"; ma=2592000,quic=\":443\"; ma=2592000; v=\"46,43\"","accept-ranges":"none","transfer-encoding":"chunked"}
[debug] [2021-08-02T15:08:18.806Z] >>> [apiv2][query] GET https://firebase.googleapis.com/v1beta1/projects/vitacoach [none]
[debug] [2021-08-02T15:08:20.410Z] <<< [apiv2][status] GET https://firebase.googleapis.com/v1beta1/projects/vitacoach 200
[debug] [2021-08-02T15:08:20.410Z] <<< [apiv2][body] GET https://firebase.googleapis.com/v1beta1/projects/vitacoach {"projectId":"vitacoach","projectNumber":"349656251768","displayName":"VitaCoach","name":"projects/vitacoach","resources":{"hostingSite":"vitacoach","storageBucket":"vitacoach.appspot.com","locationId":"europe-west"},"state":"ACTIVE"}
[info] 
[info] === Deploying to 'vitacoach'...
[info] 
[info] i  deploying functions, hosting 
[debug] [2021-08-02T15:08:20.453Z] Validating nodejs source
[debug] [2021-08-02T15:08:37.956Z] > [functions] package.json contents: {
  "name": "functions",
  "description": "Cloud Functions for Firebase",
  "scripts": {
    "serve": "firebase emulators:start --only functions",
    "shell": "firebase functions:shell",
    "start": "npm run shell",
    "deploy": "firebase deploy --only functions",
    "logs": "firebase functions:log"
  },
  "engines": {
    "node": "14"
  },
  "main": "index.js",
  "dependencies": {
    "child-process-promise": "^2.2.1",
    "firebase-admin": "^9.8.0",
    "firebase-functions": "^3.14.1",
    "mkdirp": "^1.0.4"
  },
  "devDependencies": {
    "firebase-functions-test": "^0.2.0"
  },
  "private": true
}
[debug] [2021-08-02T15:08:37.957Z] Building nodejs source
[info] i  functions: ensuring required API cloudfunctions.googleapis.com is enabled... 
[debug] [2021-08-02T15:08:37.959Z] > refreshing access token with scopes: ["email","https://www.googleapis.com/auth/cloud-platform","https://www.googleapis.com/auth/cloudplatformprojects.readonly","https://www.googleapis.com/auth/firebase","openid"]
[debug] [2021-08-02T15:08:37.959Z] >>> HTTP REQUEST POST https://www.googleapis.com/oauth2/v3/token  
 <request body omitted>
[debug] [2021-08-02T15:08:37.960Z] > refreshing access token with scopes: ["email","https://www.googleapis.com/auth/cloud-platform","https://www.googleapis.com/auth/cloudplatformprojects.readonly","https://www.googleapis.com/auth/firebase","openid"]
[debug] [2021-08-02T15:08:37.960Z] >>> HTTP REQUEST POST https://www.googleapis.com/oauth2/v3/token  
 <request body omitted>
[info] i  functions: ensuring required API cloudbuild.googleapis.com is enabled... 
[debug] [2021-08-02T15:08:37.962Z] > refreshing access token with scopes: ["email","https://www.googleapis.com/auth/cloud-platform","https://www.googleapis.com/auth/cloudplatformprojects.readonly","https://www.googleapis.com/auth/firebase","openid"]
[debug] [2021-08-02T15:08:37.962Z] >>> HTTP REQUEST POST https://www.googleapis.com/oauth2/v3/token  
 <request body omitted>
[debug] [2021-08-02T15:08:41.797Z] <<< HTTP RESPONSE 200 {"pragma":"no-cache","cache-control":"no-cache, no-store, max-age=0, must-revalidate","expires":"Mon, 01 Jan 1990 00:00:00 GMT","date":"Mon, 02 Aug 2021 15:08:41 GMT","content-type":"application/json; charset=utf-8","vary":"X-Origin, Referer, Origin,Accept-Encoding","server":"scaffolding on HTTPServer2","x-xss-protection":"0","x-frame-options":"SAMEORIGIN","x-content-type-options":"nosniff","alt-svc":"h3=\":443\"; ma=2592000,h3-29=\":443\"; ma=2592000,h3-T051=\":443\"; ma=2592000,h3-Q050=\":443\"; ma=2592000,h3-Q046=\":443\"; ma=2592000,h3-Q043=\":443\"; ma=2592000,quic=\":443\"; ma=2592000; v=\"46,43\"","accept-ranges":"none","transfer-encoding":"chunked"}
[debug] [2021-08-02T15:08:41.979Z] >>> HTTP REQUEST GET https://serviceusage.googleapis.com/v1/projects/vitacoach/services/cloudfunctions.googleapis.com  
 
[debug] [2021-08-02T15:08:41.984Z] <<< HTTP RESPONSE 200 {"pragma":"no-cache","expires":"Mon, 01 Jan 1990 00:00:00 GMT","cache-control":"no-cache, no-store, max-age=0, must-revalidate","date":"Mon, 02 Aug 2021 15:08:41 GMT","content-type":"application/json; charset=utf-8","vary":"X-Origin, Referer, Origin,Accept-Encoding","server":"scaffolding on HTTPServer2","x-xss-protection":"0","x-frame-options":"SAMEORIGIN","x-content-type-options":"nosniff","alt-svc":"h3=\":443\"; ma=2592000,h3-29=\":443\"; ma=2592000,h3-T051=\":443\"; ma=2592000,h3-Q050=\":443\"; ma=2592000,h3-Q046=\":443\"; ma=2592000,h3-Q043=\":443\"; ma=2592000,quic=\":443\"; ma=2592000; v=\"46,43\"","accept-ranges":"none","transfer-encoding":"chunked"}
[debug] [2021-08-02T15:08:42.183Z] >>> HTTP REQUEST GET https://serviceusage.googleapis.com/v1/projects/vitacoach/services/runtimeconfig.googleapis.com  
 
[debug] [2021-08-02T15:08:44.113Z] <<< HTTP RESPONSE 200 {"content-type":"application/json; charset=UTF-8","vary":"X-Origin, Referer, Origin,Accept-Encoding","date":"Mon, 02 Aug 2021 15:08:43 GMT","server":"ESF","cache-control":"private","x-xss-protection":"0","x-frame-options":"SAMEORIGIN","x-content-type-options":"nosniff","alt-svc":"h3=\":443\"; ma=2592000,h3-29=\":443\"; ma=2592000,h3-T051=\":443\"; ma=2592000,h3-Q050=\":443\"; ma=2592000,h3-Q046=\":443\"; ma=2592000,h3-Q043=\":443\"; ma=2592000,quic=\":443\"; ma=2592000; v=\"46,43\"","accept-ranges":"none","transfer-encoding":"chunked"}
[info] ✔  functions: required API cloudfunctions.googleapis.com is enabled 
[debug] [2021-08-02T15:08:47.971Z] <<< HTTP RESPONSE 200 {"content-type":"application/json; charset=UTF-8","vary":"X-Origin, Referer, Origin,Accept-Encoding","date":"Mon, 02 Aug 2021 15:08:47 GMT","server":"ESF","cache-control":"private","x-xss-protection":"0","x-frame-options":"SAMEORIGIN","x-content-type-options":"nosniff","alt-svc":"h3=\":443\"; ma=2592000,h3-29=\":443\"; ma=2592000,h3-T051=\":443\"; ma=2592000,h3-Q050=\":443\"; ma=2592000,h3-Q046=\":443\"; ma=2592000,h3-Q043=\":443\"; ma=2592000,quic=\":443\"; ma=2592000; v=\"46,43\"","accept-ranges":"none","transfer-encoding":"chunked"}
[debug] [2021-08-02T15:08:49.214Z] <<< HTTP RESPONSE 200 {"expires":"Mon, 01 Jan 1990 00:00:00 GMT","date":"Mon, 02 Aug 2021 15:08:49 GMT","cache-control":"no-cache, no-store, max-age=0, must-revalidate","pragma":"no-cache","content-type":"application/json; charset=utf-8","vary":"X-Origin, Referer, Origin,Accept-Encoding","server":"scaffolding on HTTPServer2","x-xss-protection":"0","x-frame-options":"SAMEORIGIN","x-content-type-options":"nosniff","alt-svc":"h3=\":443\"; ma=2592000,h3-29=\":443\"; ma=2592000,h3-T051=\":443\"; ma=2592000,h3-Q050=\":443\"; ma=2592000,h3-Q046=\":443\"; ma=2592000,h3-Q043=\":443\"; ma=2592000,quic=\":443\"; ma=2592000; v=\"46,43\"","accept-ranges":"none","transfer-encoding":"chunked"}
[debug] [2021-08-02T15:08:49.632Z] >>> HTTP REQUEST GET https://serviceusage.googleapis.com/v1/projects/vitacoach/services/cloudbuild.googleapis.com  
 
[debug] [2021-08-02T15:08:53.755Z] <<< HTTP RESPONSE 200 {"content-type":"application/json; charset=UTF-8","vary":"X-Origin, Referer, Origin,Accept-Encoding","date":"Mon, 02 Aug 2021 15:08:51 GMT","server":"ESF","cache-control":"private","x-xss-protection":"0","x-frame-options":"SAMEORIGIN","x-content-type-options":"nosniff","alt-svc":"h3=\":443\"; ma=2592000,h3-29=\":443\"; ma=2592000,h3-T051=\":443\"; ma=2592000,h3-Q050=\":443\"; ma=2592000,h3-Q046=\":443\"; ma=2592000,h3-Q043=\":443\"; ma=2592000,quic=\":443\"; ma=2592000; v=\"46,43\"","accept-ranges":"none","transfer-encoding":"chunked"}
[info] ✔  functions: required API cloudbuild.googleapis.com is enabled 
[debug] [2021-08-02T15:08:53.757Z] >>> HTTP REQUEST GET https://firebase.googleapis.com/v1beta1/projects/vitacoach/adminSdkConfig  
 
[debug] [2021-08-02T15:08:54.242Z] <<< HTTP RESPONSE 200 {"content-type":"application/json; charset=UTF-8","vary":"X-Origin, Referer, Origin,Accept-Encoding","date":"Mon, 02 Aug 2021 15:08:54 GMT","server":"ESF","cache-control":"private","x-xss-protection":"0","x-frame-options":"SAMEORIGIN","x-content-type-options":"nosniff","alt-svc":"h3=\":443\"; ma=2592000,h3-29=\":443\"; ma=2592000,h3-T051=\":443\"; ma=2592000,h3-Q050=\":443\"; ma=2592000,h3-Q046=\":443\"; ma=2592000,h3-Q043=\":443\"; ma=2592000,quic=\":443\"; ma=2592000; v=\"46,43\"","accept-ranges":"none","transfer-encoding":"chunked"}
[debug] [2021-08-02T15:08:54.244Z] >>> HTTP REQUEST GET https://runtimeconfig.googleapis.com/v1beta1/projects/vitacoach/configs  
 
[debug] [2021-08-02T15:08:55.687Z] <<< HTTP RESPONSE 200 {"content-type":"application/json; charset=UTF-8","vary":"X-Origin, Referer, Origin,Accept-Encoding","date":"Mon, 02 Aug 2021 15:08:55 GMT","server":"ESF","cache-control":"private","x-xss-protection":"0","x-frame-options":"SAMEORIGIN","x-content-type-options":"nosniff","alt-svc":"h3=\":443\"; ma=2592000,h3-29=\":443\"; ma=2592000,h3-T051=\":443\"; ma=2592000,h3-Q050=\":443\"; ma=2592000,h3-Q046=\":443\"; ma=2592000,h3-Q043=\":443\"; ma=2592000,quic=\":443\"; ma=2592000; v=\"46,43\"","accept-ranges":"none","transfer-encoding":"chunked"}
[debug] [2021-08-02T15:08:55.688Z] Analyzing nodejs backend spec
[info] i  functions: preparing functions directory for uploading... 
[info] i  functions: packaged functions (26.49 KB) for uploading 
[debug] [2021-08-02T15:08:56.712Z] >>> HTTP REQUEST GET https://cloudfunctions.googleapis.com/v1/projects/vitacoach/locations/-/functions  
 
[debug] [2021-08-02T15:08:57.438Z] <<< HTTP RESPONSE 200 {"content-type":"application/json; charset=UTF-8","vary":"X-Origin, Referer, Origin,Accept-Encoding","date":"Mon, 02 Aug 2021 15:08:57 GMT","server":"ESF","cache-control":"private","x-xss-protection":"0","x-frame-options":"SAMEORIGIN","x-content-type-options":"nosniff","alt-svc":"h3=\":443\"; ma=2592000,h3-29=\":443\"; ma=2592000,h3-T051=\":443\"; ma=2592000,h3-Q050=\":443\"; ma=2592000,h3-Q046=\":443\"; ma=2592000,h3-Q043=\":443\"; ma=2592000,quic=\":443\"; ma=2592000; v=\"46,43\"","accept-ranges":"none","transfer-encoding":"chunked"}
[debug] [2021-08-02T15:08:57.444Z] >>> HTTP REQUEST POST https://firebasehosting.googleapis.com/v1beta1/sites/vitacoach/versions  
 {"config":{"rewrites":[{"glob":"**","path":"/index.html"}]},"labels":{"deployment-tool":"cli-firebase"}}
[debug] [2021-08-02T15:09:02.705Z] <<< HTTP RESPONSE 200 {"content-type":"application/json; charset=UTF-8","vary":"X-Origin, Referer, Origin,Accept-Encoding","date":"Mon, 02 Aug 2021 15:09:02 GMT","server":"ESF","cache-control":"private","x-xss-protection":"0","x-frame-options":"SAMEORIGIN","x-content-type-options":"nosniff","alt-svc":"h3=\":443\"; ma=2592000,h3-29=\":443\"; ma=2592000,h3-T051=\":443\"; ma=2592000,h3-Q050=\":443\"; ma=2592000,h3-Q046=\":443\"; ma=2592000,h3-Q043=\":443\"; ma=2592000,quic=\":443\"; ma=2592000; v=\"46,43\"","accept-ranges":"none","transfer-encoding":"chunked"}
[debug] [2021-08-02T15:09:02.708Z] >>> HTTP REQUEST POST https://cloudfunctions.googleapis.com/v1/projects/vitacoach/locations/us-central1/functions:generateUploadUrl  
 
[debug] [2021-08-02T15:09:05.180Z] <<< HTTP RESPONSE 200 {"content-type":"application/json; charset=UTF-8","vary":"X-Origin, Referer, Origin,Accept-Encoding","date":"Mon, 02 Aug 2021 15:09:05 GMT","server":"ESF","cache-control":"private","x-xss-protection":"0","x-frame-options":"SAMEORIGIN","x-content-type-options":"nosniff","alt-svc":"h3=\":443\"; ma=2592000,h3-29=\":443\"; ma=2592000,h3-T051=\":443\"; ma=2592000,h3-Q050=\":443\"; ma=2592000,h3-Q046=\":443\"; ma=2592000,h3-Q043=\":443\"; ma=2592000,quic=\":443\"; ma=2592000; v=\"46,43\"","accept-ranges":"none","transfer-encoding":"chunked"}
[debug] [2021-08-02T15:09:05.183Z] >>> HTTP REQUEST PUT https://storage.googleapis.com/gcf-upload-us-central1-27ea7df7-6aec-4414-ad2a-36d6536db5e5/8d162299-10ae-479d-8822-87dddefb3bca.zip?GoogleAccessId=service-349656251768@gcf-admin-robot.iam.gserviceaccount.com&Expires=1627918745&Signature=DW5loa9AdZg5CelAhvY%2BPGI1EWaAtGocFV0WJ1um2aEYWpXYWGsZWL5q5t6FoPFXPSEucrPyz2LzLUkxnV%2F36Y%2F16FWnEHDMPX7CsycRfQCx3gieqq4aEnxrbiYX9VdwiECGuYChF40aWUSp600qILieOqBratTPSpL6fuS9wZBZ39KsqX4x3v4tTYH29o%2FJIlcVXdkY7E8zoYcU36FWHLh8gFfh1gxEsYMfylnqL3TN6B3nhoshpnkE8YN90J6QRmJ4KrlhATISYEnBm6y51m%2FJe%2FFS78hfGapyjkM0xy7XxBDt4wsXvLS7d%2FFNt99VK%2BHFgfg8cVXKcZnUTL7AKQ%3D%3D  
 <request body omitted>
[debug] [2021-08-02T15:09:16.434Z] <<< HTTP RESPONSE 200 {"x-guploader-uploadid":"ADPycdvsLlSNDSp6e7iAOHvGrNIMw7WOwgb6HwzRrc1i0ZAEXbyqcCtZV8DQGihpqnU5SrutE6WM0mxnufiONTmI3YYevJVauA","etag":"\"4539553d42d06bb251dd683f66a5234e\"","x-goog-generation":"1627916956360287","x-goog-metageneration":"1","x-goog-hash":"crc32c=8Konhg==, md5=RTlVPULQa7JR3Wg/ZqUjTg==","x-goog-stored-content-length":"27128","x-goog-stored-content-encoding":"identity","vary":"Origin","content-length":"0","date":"Mon, 02 Aug 2021 15:09:16 GMT","server":"UploadServer","content-type":"text/html; charset=UTF-8","alt-svc":"h3=\":443\"; ma=2592000,h3-29=\":443\"; ma=2592000,h3-T051=\":443\"; ma=2592000,h3-Q050=\":443\"; ma=2592000,h3-Q046=\":443\"; ma=2592000,h3-Q043=\":443\"; ma=2592000,quic=\":443\"; ma=2592000; v=\"46,43\""}
[info] ✔  functions: functions folder uploaded successfully 
[info] i  hosting[vitacoach]: beginning deploy... 
[info] i  hosting[vitacoach]: found 35 files in build 
[debug] [2021-08-02T15:09:19.918Z] > refreshing access token with scopes: []
[debug] [2021-08-02T15:09:19.918Z] >>> HTTP REQUEST POST https://www.googleapis.com/oauth2/v3/token  
 <request body omitted>
[debug] [2021-08-02T15:09:19.921Z] [hosting] hash cache [YnVpbGQ] stored for 35 files
[debug] [2021-08-02T15:09:19.922Z] [hosting][hash queue][FINAL] {"max":3421,"min":131,"avg":270.48571428571427,"active":0,"complete":35,"success":35,"errored":0,"retried":0,"total":35,"elapsed":3456}
[debug] [2021-08-02T15:09:20.108Z] <<< HTTP RESPONSE 200 {"expires":"Mon, 01 Jan 1990 00:00:00 GMT","cache-control":"no-cache, no-store, max-age=0, must-revalidate","pragma":"no-cache","date":"Mon, 02 Aug 2021 15:09:20 GMT","content-type":"application/json; charset=utf-8","vary":"X-Origin, Referer, Origin,Accept-Encoding","server":"scaffolding on HTTPServer2","x-xss-protection":"0","x-frame-options":"SAMEORIGIN","x-content-type-options":"nosniff","alt-svc":"h3=\":443\"; ma=2592000,h3-29=\":443\"; ma=2592000,h3-T051=\":443\"; ma=2592000,h3-Q050=\":443\"; ma=2592000,h3-Q046=\":443\"; ma=2592000,h3-Q043=\":443\"; ma=2592000,quic=\":443\"; ma=2592000; v=\"46,43\"","accept-ranges":"none","transfer-encoding":"chunked"}
[debug] [2021-08-02T15:09:20.544Z] >>> [apiv2][query] POST https://firebasehosting.googleapis.com/v1beta1/sites/vitacoach/versions/e617a34e408ae665:populateFiles [none]
[debug] [2021-08-02T15:09:20.545Z] >>> [apiv2][body] POST https://firebasehosting.googleapis.com/v1beta1/sites/vitacoach/versions/e617a34e408ae665:populateFiles {"files":{"/asset-manifest.json":"536a6ff399c0ff8712ebc567a5d6a70884ad691a46e4ec22a0c70f7edefb9c55","/favicon.ico":"b72f7455f00e4e58792d2bca892abb068e2213838c0316d6b7a0d6d16acd1955","/health.jpg":"6c1952dfde915448131ca209e5ab9efa05fc681644e9fa6576c89232f4eccade","/finance.jpg":"2961997026e219b9efa677f2c035dff657bf251e5255bdd6ad28f73c17a33f42","/index.html":"c21926d9b81016702e62f71297c4c97323aa14da24587db8ed9cc716fcb2a4ac","/leisure.jpg":"3cfa8d5397a2bf52f589bdd2fc38c1a628ba4d6f94ed76abd97ebce548dbdf1c","/manifest.json":"341d52628782f8ac9290bbfc43298afccb47b7cbfcee146ae30cf0f46bc30900","/logo192.png":"caff018b7f1e8fd481eb1c50d75b0ef236bcd5078b1d15c8bb348453fee30293","/logo512.png":"191fc21360b4ccfb1cda11a1efb97f489ed22672ca83f4064316802bbfdd750e","/robots.txt":"391d14b3c2f8c9143a27a28c7399585142228d4d1bdbe2c87ac946de411fa9a2","/money.jpg":"d858e2251aae371959f07380f5871cbc5dda7e9904b3e98982e7e21811ade574","/social.jpg":"a8641f9b9bf8636bc55af82b5641d92291a5477ea6205d19c7f8a1cb94e6fb67","/start-vision.jpg":"4795e41aa268da7d63e051f9121d60921c2f55443ad9895a88ab15a14f763b5b","/static/css/2.835acb34.chunk.css":"4a89c62e5ce66cb54fad06ade582433fc8d2562567cc3855272c39ce543a4f54","/static/css/2.835acb34.chunk.css.map":"52b88f5eb337c87cc5d98ae766b3d838e85d828d95418f15263b40e7cd277b36","/static/css/main.c733e2af.chunk.css":"a30f3fae640d9948ee4a3eb696d7acdcb9c383544c8d4d6c6074ba3225b5ec21","/static/css/main.c733e2af.chunk.css.map":"daa47b659885cd150648a08e1a2c2f2b8261b5b73c39ec8e8a3aa6ce520a504d","/static/js/2.2108ded9.chunk.js.LICENSE.txt":"03f865c75bf6f28f5c07d91bb794fa621902f714ecb702262b4e945e4dd9e740","/static/js/3.f8578711.chunk.js":"916b02e40182c202572559bf0f7885ce26182fc89c0e139f83b584d5a8223b11","/static/js/3.f8578711.chunk.js.map":"b24e10d666e1bea672296c7f6d91fcfc6662e1071ad16c4d7a3286a3c7621c28","/static/js/main.589e6443.chunk.js":"aa96a767eb922595c903b6ab0bbe4d9b8638f5de711cfa55a20088dcfa0c08b1","/static/js/runtime-main.6e250524.js":"d166bfc2ac5f8c9013a817fa36fa808b172ef1fbbe6f0d35762b90a47578c5f7","/static/js/runtime-main.6e250524.js.map":"3978301c7f9cdfaaa620de84af3c55ea61fd7a70a2ebb7bd215026c758fda9f9","/home-small.jpg":"d7530f8f8759a97cd511bc0e05db9e547d80ef56222a268eeba0307ffb3a7cad","/start-vision-300.jpg":"d3989285d2a56d71cc9b8eff4664ed0153f46f8dc18f9362012b6ab60398c121","/xsmap.jpg":"2a71e54a13ed408e582a2efc00f5d5e4ae68ddeb24516955608677d8abb9fe96","/wheel.png":"397fdc7163aa83626d43cb9df2d74cb2e1110f167e253cc41b4dbd456c6e5c51","/home-medium.jpg":"b98048556d3cacabab3dbf7dc87b3019d0e35783081ee8266a9da04633161ee1","/static/js/main.589e6443.chunk.js.map":"5a0bc37464a9cfa3f507f9cdd34ad2c84292ad4f8523376e8f2c7ee92c934042","/start-vision-640.jpg":"6470d2abefd710f582b900c9e65d45e17a772078eca692a88e34576b4fe9a971","/career.jpg":"f53339e97a1d16fdaad6ac7f80cf5b78e69ca422b26af00abb3b806b06534e6f","/start-vision-600.jpg":"fedb5666d17ec7318909c7f8820f92e8efe27791d3592d1c3ed0f8bced7a28dd","/einstein.gif":"7709b41f78e86d162510e8fd6982e593e5720cfccf7dc394e3c7263c10d1f787","/static/js/2.2108ded9.chunk.js":"4abf35486444a8a7e8e600f651826117d0c43720d98dd5454fec2baea1ef8f2c","/static/js/2.2108ded9.chunk.js.map":"c64a022851674cc43492659c60d42e9d9b7aa652943f9bc1956a185d2771281f"}}
[debug] [2021-08-02T15:09:23.103Z] <<< [apiv2][status] POST https://firebasehosting.googleapis.com/v1beta1/sites/vitacoach/versions/e617a34e408ae665:populateFiles 200
[debug] [2021-08-02T15:09:23.103Z] <<< [apiv2][body] POST https://firebasehosting.googleapis.com/v1beta1/sites/vitacoach/versions/e617a34e408ae665:populateFiles {"uploadUrl":"https://upload-firebasehosting.googleapis.com/upload/sites/vitacoach/versions/e617a34e408ae665/files"}
[debug] [2021-08-02T15:09:23.103Z] [hosting][populate queue][FINAL] {"max":3186,"min":3186,"avg":3186,"active":0,"complete":1,"success":1,"errored":0,"retried":0,"total":1,"elapsed":3186}
[debug] [2021-08-02T15:09:23.104Z] [hosting] uploads queued: 0
[debug] [2021-08-02T15:09:23.104Z] [hosting][upload queue][FINAL] {"max":0,"min":9999999999,"avg":0,"active":0,"complete":0,"success":0,"errored":0,"retried":0,"total":0,"elapsed":1627916963104}
[info] ✔  hosting[vitacoach]: file upload complete 
[debug] [2021-08-02T15:09:23.104Z] [hosting] deploy completed after 6668ms
[info] i  functions: updating Node.js 14 function helloWorld(us-central1)... 
[debug] [2021-08-02T15:09:23.112Z] > refreshing access token with scopes: ["email","https://www.googleapis.com/auth/cloud-platform","https://www.googleapis.com/auth/cloudplatformprojects.readonly","https://www.googleapis.com/auth/firebase","openid"]
[debug] [2021-08-02T15:09:23.112Z] >>> HTTP REQUEST POST https://www.googleapis.com/oauth2/v3/token  
 <request body omitted>
[debug] [2021-08-02T15:09:23.307Z] <<< HTTP RESPONSE 200 {"expires":"Mon, 01 Jan 1990 00:00:00 GMT","date":"Mon, 02 Aug 2021 15:09:23 GMT","cache-control":"no-cache, no-store, max-age=0, must-revalidate","pragma":"no-cache","content-type":"application/json; charset=utf-8","vary":"X-Origin, Referer, Origin,Accept-Encoding","server":"scaffolding on HTTPServer2","x-xss-protection":"0","x-frame-options":"SAMEORIGIN","x-content-type-options":"nosniff","alt-svc":"h3=\":443\"; ma=2592000,h3-29=\":443\"; ma=2592000,h3-T051=\":443\"; ma=2592000,h3-Q050=\":443\"; ma=2592000,h3-Q046=\":443\"; ma=2592000,h3-Q043=\":443\"; ma=2592000,quic=\":443\"; ma=2592000; v=\"46,43\"","accept-ranges":"none","transfer-encoding":"chunked"}
[debug] [2021-08-02T15:09:23.703Z] >>> HTTP REQUEST PATCH https://cloudfunctions.googleapis.com/v1/projects/vitacoach/locations/us-central1/functions/helloWorld {"updateMask":"name,sourceUploadUrl,entryPoint,runtime,httpsTrigger.securityLevel,labels,environmentVariables"} 
 {"name":"projects/vitacoach/locations/us-central1/functions/helloWorld","sourceUploadUrl":"https://storage.googleapis.com/gcf-upload-us-central1-27ea7df7-6aec-4414-ad2a-36d6536db5e5/8d162299-10ae-479d-8822-87dddefb3bca.zip?GoogleAccessId=service-349656251768@gcf-admin-robot.iam.gserviceaccount.com&Expires=1627918745&Signature=DW5loa9AdZg5CelAhvY%2BPGI1EWaAtGocFV0WJ1um2aEYWpXYWGsZWL5q5t6FoPFXPSEucrPyz2LzLUkxnV%2F36Y%2F16FWnEHDMPX7CsycRfQCx3gieqq4aEnxrbiYX9VdwiECGuYChF40aWUSp600qILieOqBratTPSpL6fuS9wZBZ39KsqX4x3v4tTYH29o%2FJIlcVXdkY7E8zoYcU36FWHLh8gFfh1gxEsYMfylnqL3TN6B3nhoshpnkE8YN90J6QRmJ4KrlhATISYEnBm6y51m%2FJe%2FFS78hfGapyjkM0xy7XxBDt4wsXvLS7d%2FFNt99VK%2BHFgfg8cVXKcZnUTL7AKQ%3D%3D","entryPoint":"helloWorld","runtime":"nodejs14","httpsTrigger":{"securityLevel":"SECURE_OPTIONAL"},"labels":{"deployment-tool":"cli-firebase"},"environmentVariables":{"FIREBASE_CONFIG":"{\"projectId\":\"vitacoach\",\"storageBucket\":\"vitacoach.appspot.com\",\"locationId\":\"europe-west\"}"}}
[debug] [2021-08-02T15:09:24.518Z] <<< HTTP RESPONSE 200 {"content-type":"application/json; charset=UTF-8","vary":"X-Origin, Referer, Origin,Accept-Encoding","date":"Mon, 02 Aug 2021 15:09:24 GMT","server":"ESF","cache-control":"private","x-xss-protection":"0","x-frame-options":"SAMEORIGIN","x-content-type-options":"nosniff","alt-svc":"h3=\":443\"; ma=2592000,h3-29=\":443\"; ma=2592000,h3-T051=\":443\"; ma=2592000,h3-Q050=\":443\"; ma=2592000,h3-Q046=\":443\"; ma=2592000,h3-Q043=\":443\"; ma=2592000,quic=\":443\"; ma=2592000; v=\"46,43\"","accept-ranges":"none","transfer-encoding":"chunked"}
[debug] [2021-08-02T15:09:24.520Z] > refreshing access token with scopes: []
[debug] [2021-08-02T15:09:24.520Z] >>> HTTP REQUEST POST https://www.googleapis.com/oauth2/v3/token  
 <request body omitted>
[debug] [2021-08-02T15:09:24.871Z] <<< HTTP RESPONSE 200 {"date":"Mon, 02 Aug 2021 15:09:24 GMT","cache-control":"no-cache, no-store, max-age=0, must-revalidate","pragma":"no-cache","expires":"Mon, 01 Jan 1990 00:00:00 GMT","content-type":"application/json; charset=utf-8","vary":"X-Origin, Referer, Origin,Accept-Encoding","server":"scaffolding on HTTPServer2","x-xss-protection":"0","x-frame-options":"SAMEORIGIN","x-content-type-options":"nosniff","alt-svc":"h3=\":443\"; ma=2592000,h3-29=\":443\"; ma=2592000,h3-T051=\":443\"; ma=2592000,h3-Q050=\":443\"; ma=2592000,h3-Q046=\":443\"; ma=2592000,h3-Q043=\":443\"; ma=2592000,quic=\":443\"; ma=2592000; v=\"46,43\"","accept-ranges":"none","transfer-encoding":"chunked"}
[debug] [2021-08-02T15:09:25.415Z] >>> [apiv2][query] GET https://cloudfunctions.googleapis.com/v1/operations/dml0YWNvYWNoL3VzLWNlbnRyYWwxL2hlbGxvV29ybGQvTDFKRVdVTGx4S3M [none]
[debug] [2021-08-02T15:09:26.032Z] <<< [apiv2][status] GET https://cloudfunctions.googleapis.com/v1/operations/dml0YWNvYWNoL3VzLWNlbnRyYWwxL2hlbGxvV29ybGQvTDFKRVdVTGx4S3M 200
[debug] [2021-08-02T15:09:26.032Z] <<< [apiv2][body] GET https://cloudfunctions.googleapis.com/v1/operations/dml0YWNvYWNoL3VzLWNlbnRyYWwxL2hlbGxvV29ybGQvTDFKRVdVTGx4S3M {"name":"operations/dml0YWNvYWNoL3VzLWNlbnRyYWwxL2hlbGxvV29ybGQvTDFKRVdVTGx4S3M","metadata":{"@type":"type.googleapis.com/google.cloud.functions.v1.OperationMetadataV1","target":"projects/vitacoach/locations/us-central1/functions/helloWorld","type":"UPDATE_FUNCTION","request":{"@type":"type.googleapis.com/google.cloud.functions.v1.CloudFunction","name":"projects/vitacoach/locations/us-central1/functions/helloWorld","httpsTrigger":{"url":"https://us-central1-vitacoach.cloudfunctions.net/helloWorld","securityLevel":"SECURE_OPTIONAL"},"status":"ACTIVE","entryPoint":"helloWorld","timeout":"60s","availableMemoryMb":256,"serviceAccountEmail":"vitacoach@appspot.gserviceaccount.com","updateTime":"2021-07-31T16:18:25.116Z","versionId":"10","labels":{"deployment-tool":"cli-firebase"},"sourceUploadUrl":"https://storage.googleapis.com/gcf-upload-us-central1-27ea7df7-6aec-4414-ad2a-36d6536db5e5/8d162299-10ae-479d-8822-87dddefb3bca.zip?GoogleAccessId=service-349656251768@gcf-admin-robot.iam.gserviceaccount.com&Expires=1627918745&Signature=DW5loa9AdZg5CelAhvY%2BPGI1EWaAtGocFV0WJ1um2aEYWpXYWGsZWL5q5t6FoPFXPSEucrPyz2LzLUkxnV%2F36Y%2F16FWnEHDMPX7CsycRfQCx3gieqq4aEnxrbiYX9VdwiECGuYChF40aWUSp600qILieOqBratTPSpL6fuS9wZBZ39KsqX4x3v4tTYH29o%2FJIlcVXdkY7E8zoYcU36FWHLh8gFfh1gxEsYMfylnqL3TN6B3nhoshpnkE8YN90J6QRmJ4KrlhATISYEnBm6y51m%2FJe%2FFS78hfGapyjkM0xy7XxBDt4wsXvLS7d%2FFNt99VK%2BHFgfg8cVXKcZnUTL7AKQ%3D%3D","environmentVariables":{"FIREBASE_CONFIG":"{\"projectId\":\"vitacoach\",\"storageBucket\":\"vitacoach.appspot.com\",\"locationId\":\"europe-west\"}"},"runtime":"nodejs14","ingressSettings":"ALLOW_ALL","buildId":"16bf37d6-613d-4032-9f39-c0fd1a6cf90d"},"versionId":"11","updateTime":"2021-08-02T15:09:24Z","buildId":"82abe94e-9fdb-4bb0-8b8c-0da9a77af0a0","buildName":"projects/349656251768/locations/us-central1/builds/82abe94e-9fdb-4bb0-8b8c-0da9a77af0a0"}}
[debug] [2021-08-02T15:09:26.538Z] [update-projects/vitacoach/locations/us-central1/functions/helloWorld] Retrying task index 0
[debug] [2021-08-02T15:09:26.539Z] >>> [apiv2][query] GET https://cloudfunctions.googleapis.com/v1/operations/dml0YWNvYWNoL3VzLWNlbnRyYWwxL2hlbGxvV29ybGQvTDFKRVdVTGx4S3M [none]
[debug] [2021-08-02T15:09:27.266Z] <<< [apiv2][status] GET https://cloudfunctions.googleapis.com/v1/operations/dml0YWNvYWNoL3VzLWNlbnRyYWwxL2hlbGxvV29ybGQvTDFKRVdVTGx4S3M 200
[debug] [2021-08-02T15:09:27.267Z] <<< [apiv2][body] GET https://cloudfunctions.googleapis.com/v1/operations/dml0YWNvYWNoL3VzLWNlbnRyYWwxL2hlbGxvV29ybGQvTDFKRVdVTGx4S3M {"name":"operations/dml0YWNvYWNoL3VzLWNlbnRyYWwxL2hlbGxvV29ybGQvTDFKRVdVTGx4S3M","metadata":{"@type":"type.googleapis.com/google.cloud.functions.v1.OperationMetadataV1","target":"projects/vitacoach/locations/us-central1/functions/helloWorld","type":"UPDATE_FUNCTION","request":{"@type":"type.googleapis.com/google.cloud.functions.v1.CloudFunction","name":"projects/vitacoach/locations/us-central1/functions/helloWorld","httpsTrigger":{"url":"https://us-central1-vitacoach.cloudfunctions.net/helloWorld","securityLevel":"SECURE_OPTIONAL"},"status":"ACTIVE","entryPoint":"helloWorld","timeout":"60s","availableMemoryMb":256,"serviceAccountEmail":"vitacoach@appspot.gserviceaccount.com","updateTime":"2021-07-31T16:18:25.116Z","versionId":"10","labels":{"deployment-tool":"cli-firebase"},"sourceUploadUrl":"https://storage.googleapis.com/gcf-upload-us-central1-27ea7df7-6aec-4414-ad2a-36d6536db5e5/8d162299-10ae-479d-8822-87dddefb3bca.zip?GoogleAccessId=service-349656251768@gcf-admin-robot.iam.gserviceaccount.com&Expires=1627918745&Signature=DW5loa9AdZg5CelAhvY%2BPGI1EWaAtGocFV0WJ1um2aEYWpXYWGsZWL5q5t6FoPFXPSEucrPyz2LzLUkxnV%2F36Y%2F16FWnEHDMPX7CsycRfQCx3gieqq4aEnxrbiYX9VdwiECGuYChF40aWUSp600qILieOqBratTPSpL6fuS9wZBZ39KsqX4x3v4tTYH29o%2FJIlcVXdkY7E8zoYcU36FWHLh8gFfh1gxEsYMfylnqL3TN6B3nhoshpnkE8YN90J6QRmJ4KrlhATISYEnBm6y51m%2FJe%2FFS78hfGapyjkM0xy7XxBDt4wsXvLS7d%2FFNt99VK%2BHFgfg8cVXKcZnUTL7AKQ%3D%3D","environmentVariables":{"FIREBASE_CONFIG":"{\"projectId\":\"vitacoach\",\"storageBucket\":\"vitacoach.appspot.com\",\"locationId\":\"europe-west\"}"},"runtime":"nodejs14","ingressSettings":"ALLOW_ALL","buildId":"16bf37d6-613d-4032-9f39-c0fd1a6cf90d"},"versionId":"11","updateTime":"2021-08-02T15:09:24Z","buildId":"82abe94e-9fdb-4bb0-8b8c-0da9a77af0a0","buildName":"projects/349656251768/locations/us-central1/builds/82abe94e-9fdb-4bb0-8b8c-0da9a77af0a0"}}
[debug] [2021-08-02T15:09:28.268Z] [update-projects/vitacoach/locations/us-central1/functions/helloWorld] Retrying task index 0
[debug] [2021-08-02T15:09:28.269Z] >>> [apiv2][query] GET https://cloudfunctions.googleapis.com/v1/operations/dml0YWNvYWNoL3VzLWNlbnRyYWwxL2hlbGxvV29ybGQvTDFKRVdVTGx4S3M [none]
[debug] [2021-08-02T15:09:29.015Z] <<< [apiv2][status] GET https://cloudfunctions.googleapis.com/v1/operations/dml0YWNvYWNoL3VzLWNlbnRyYWwxL2hlbGxvV29ybGQvTDFKRVdVTGx4S3M 200
[debug] [2021-08-02T15:09:29.015Z] <<< [apiv2][body] GET https://cloudfunctions.googleapis.com/v1/operations/dml0YWNvYWNoL3VzLWNlbnRyYWwxL2hlbGxvV29ybGQvTDFKRVdVTGx4S3M {"name":"operations/dml0YWNvYWNoL3VzLWNlbnRyYWwxL2hlbGxvV29ybGQvTDFKRVdVTGx4S3M","metadata":{"@type":"type.googleapis.com/google.cloud.functions.v1.OperationMetadataV1","target":"projects/vitacoach/locations/us-central1/functions/helloWorld","type":"UPDATE_FUNCTION","request":{"@type":"type.googleapis.com/google.cloud.functions.v1.CloudFunction","name":"projects/vitacoach/locations/us-central1/functions/helloWorld","httpsTrigger":{"url":"https://us-central1-vitacoach.cloudfunctions.net/helloWorld","securityLevel":"SECURE_OPTIONAL"},"status":"ACTIVE","entryPoint":"helloWorld","timeout":"60s","availableMemoryMb":256,"serviceAccountEmail":"vitacoach@appspot.gserviceaccount.com","updateTime":"2021-07-31T16:18:25.116Z","versionId":"10","labels":{"deployment-tool":"cli-firebase"},"sourceUploadUrl":"https://storage.googleapis.com/gcf-upload-us-central1-27ea7df7-6aec-4414-ad2a-36d6536db5e5/8d162299-10ae-479d-8822-87dddefb3bca.zip?GoogleAccessId=service-349656251768@gcf-admin-robot.iam.gserviceaccount.com&Expires=1627918745&Signature=DW5loa9AdZg5CelAhvY%2BPGI1EWaAtGocFV0WJ1um2aEYWpXYWGsZWL5q5t6FoPFXPSEucrPyz2LzLUkxnV%2F36Y%2F16FWnEHDMPX7CsycRfQCx3gieqq4aEnxrbiYX9VdwiECGuYChF40aWUSp600qILieOqBratTPSpL6fuS9wZBZ39KsqX4x3v4tTYH29o%2FJIlcVXdkY7E8zoYcU36FWHLh8gFfh1gxEsYMfylnqL3TN6B3nhoshpnkE8YN90J6QRmJ4KrlhATISYEnBm6y51m%2FJe%2FFS78hfGapyjkM0xy7XxBDt4wsXvLS7d%2FFNt99VK%2BHFgfg8cVXKcZnUTL7AKQ%3D%3D","environmentVariables":{"FIREBASE_CONFIG":"{\"projectId\":\"vitacoach\",\"storageBucket\":\"vitacoach.appspot.com\",\"locationId\":\"europe-west\"}"},"runtime":"nodejs14","ingressSettings":"ALLOW_ALL","buildId":"16bf37d6-613d-4032-9f39-c0fd1a6cf90d"},"versionId":"11","updateTime":"2021-08-02T15:09:24Z","buildId":"82abe94e-9fdb-4bb0-8b8c-0da9a77af0a0","buildName":"projects/349656251768/locations/us-central1/builds/82abe94e-9fdb-4bb0-8b8c-0da9a77af0a0"}}
[debug] [2021-08-02T15:09:31.026Z] [update-projects/vitacoach/locations/us-central1/functions/helloWorld] Retrying task index 0
[debug] [2021-08-02T15:09:31.027Z] >>> [apiv2][query] GET https://cloudfunctions.googleapis.com/v1/operations/dml0YWNvYWNoL3VzLWNlbnRyYWwxL2hlbGxvV29ybGQvTDFKRVdVTGx4S3M [none]
[debug] [2021-08-02T15:09:31.260Z] <<< [apiv2][status] GET https://cloudfunctions.googleapis.com/v1/operations/dml0YWNvYWNoL3VzLWNlbnRyYWwxL2hlbGxvV29ybGQvTDFKRVdVTGx4S3M 200
[debug] [2021-08-02T15:09:31.260Z] <<< [apiv2][body] GET https://cloudfunctions.googleapis.com/v1/operations/dml0YWNvYWNoL3VzLWNlbnRyYWwxL2hlbGxvV29ybGQvTDFKRVdVTGx4S3M {"name":"operations/dml0YWNvYWNoL3VzLWNlbnRyYWwxL2hlbGxvV29ybGQvTDFKRVdVTGx4S3M","metadata":{"@type":"type.googleapis.com/google.cloud.functions.v1.OperationMetadataV1","target":"projects/vitacoach/locations/us-central1/functions/helloWorld","type":"UPDATE_FUNCTION","request":{"@type":"type.googleapis.com/google.cloud.functions.v1.CloudFunction","name":"projects/vitacoach/locations/us-central1/functions/helloWorld","httpsTrigger":{"url":"https://us-central1-vitacoach.cloudfunctions.net/helloWorld","securityLevel":"SECURE_OPTIONAL"},"status":"ACTIVE","entryPoint":"helloWorld","timeout":"60s","availableMemoryMb":256,"serviceAccountEmail":"vitacoach@appspot.gserviceaccount.com","updateTime":"2021-07-31T16:18:25.116Z","versionId":"10","labels":{"deployment-tool":"cli-firebase"},"sourceUploadUrl":"https://storage.googleapis.com/gcf-upload-us-central1-27ea7df7-6aec-4414-ad2a-36d6536db5e5/8d162299-10ae-479d-8822-87dddefb3bca.zip?GoogleAccessId=service-349656251768@gcf-admin-robot.iam.gserviceaccount.com&Expires=1627918745&Signature=DW5loa9AdZg5CelAhvY%2BPGI1EWaAtGocFV0WJ1um2aEYWpXYWGsZWL5q5t6FoPFXPSEucrPyz2LzLUkxnV%2F36Y%2F16FWnEHDMPX7CsycRfQCx3gieqq4aEnxrbiYX9VdwiECGuYChF40aWUSp600qILieOqBratTPSpL6fuS9wZBZ39KsqX4x3v4tTYH29o%2FJIlcVXdkY7E8zoYcU36FWHLh8gFfh1gxEsYMfylnqL3TN6B3nhoshpnkE8YN90J6QRmJ4KrlhATISYEnBm6y51m%2FJe%2FFS78hfGapyjkM0xy7XxBDt4wsXvLS7d%2FFNt99VK%2BHFgfg8cVXKcZnUTL7AKQ%3D%3D","environmentVariables":{"FIREBASE_CONFIG":"{\"projectId\":\"vitacoach\",\"storageBucket\":\"vitacoach.appspot.com\",\"locationId\":\"europe-west\"}"},"runtime":"nodejs14","ingressSettings":"ALLOW_ALL","buildId":"16bf37d6-613d-4032-9f39-c0fd1a6cf90d"},"versionId":"11","updateTime":"2021-08-02T15:09:24Z","buildId":"82abe94e-9fdb-4bb0-8b8c-0da9a77af0a0","buildName":"projects/349656251768/locations/us-central1/builds/82abe94e-9fdb-4bb0-8b8c-0da9a77af0a0"}}
[debug] [2021-08-02T15:09:35.268Z] [update-projects/vitacoach/locations/us-central1/functions/helloWorld] Retrying task index 0
[debug] [2021-08-02T15:09:35.269Z] >>> [apiv2][query] GET https://cloudfunctions.googleapis.com/v1/operations/dml0YWNvYWNoL3VzLWNlbnRyYWwxL2hlbGxvV29ybGQvTDFKRVdVTGx4S3M [none]
[debug] [2021-08-02T15:09:43.589Z] <<< [apiv2][status] GET https://cloudfunctions.googleapis.com/v1/operations/dml0YWNvYWNoL3VzLWNlbnRyYWwxL2hlbGxvV29ybGQvTDFKRVdVTGx4S3M 200
[debug] [2021-08-02T15:09:43.589Z] <<< [apiv2][body] GET https://cloudfunctions.googleapis.com/v1/operations/dml0YWNvYWNoL3VzLWNlbnRyYWwxL2hlbGxvV29ybGQvTDFKRVdVTGx4S3M {"name":"operations/dml0YWNvYWNoL3VzLWNlbnRyYWwxL2hlbGxvV29ybGQvTDFKRVdVTGx4S3M","metadata":{"@type":"type.googleapis.com/google.cloud.functions.v1.OperationMetadataV1","target":"projects/vitacoach/locations/us-central1/functions/helloWorld","type":"UPDATE_FUNCTION","request":{"@type":"type.googleapis.com/google.cloud.functions.v1.CloudFunction","name":"projects/vitacoach/locations/us-central1/functions/helloWorld","httpsTrigger":{"url":"https://us-central1-vitacoach.cloudfunctions.net/helloWorld","securityLevel":"SECURE_OPTIONAL"},"status":"ACTIVE","entryPoint":"helloWorld","timeout":"60s","availableMemoryMb":256,"serviceAccountEmail":"vitacoach@appspot.gserviceaccount.com","updateTime":"2021-07-31T16:18:25.116Z","versionId":"10","labels":{"deployment-tool":"cli-firebase"},"sourceUploadUrl":"https://storage.googleapis.com/gcf-upload-us-central1-27ea7df7-6aec-4414-ad2a-36d6536db5e5/8d162299-10ae-479d-8822-87dddefb3bca.zip?GoogleAccessId=service-349656251768@gcf-admin-robot.iam.gserviceaccount.com&Expires=1627918745&Signature=DW5loa9AdZg5CelAhvY%2BPGI1EWaAtGocFV0WJ1um2aEYWpXYWGsZWL5q5t6FoPFXPSEucrPyz2LzLUkxnV%2F36Y%2F16FWnEHDMPX7CsycRfQCx3gieqq4aEnxrbiYX9VdwiECGuYChF40aWUSp600qILieOqBratTPSpL6fuS9wZBZ39KsqX4x3v4tTYH29o%2FJIlcVXdkY7E8zoYcU36FWHLh8gFfh1gxEsYMfylnqL3TN6B3nhoshpnkE8YN90J6QRmJ4KrlhATISYEnBm6y51m%2FJe%2FFS78hfGapyjkM0xy7XxBDt4wsXvLS7d%2FFNt99VK%2BHFgfg8cVXKcZnUTL7AKQ%3D%3D","environmentVariables":{"FIREBASE_CONFIG":"{\"projectId\":\"vitacoach\",\"storageBucket\":\"vitacoach.appspot.com\",\"locationId\":\"europe-west\"}"},"runtime":"nodejs14","ingressSettings":"ALLOW_ALL","buildId":"16bf37d6-613d-4032-9f39-c0fd1a6cf90d"},"versionId":"11","updateTime":"2021-08-02T15:09:24Z","buildId":"82abe94e-9fdb-4bb0-8b8c-0da9a77af0a0","buildName":"projects/349656251768/locations/us-central1/builds/82abe94e-9fdb-4bb0-8b8c-0da9a77af0a0"}}
[debug] [2021-08-02T15:09:51.600Z] [update-projects/vitacoach/locations/us-central1/functions/helloWorld] Retrying task index 0
[debug] [2021-08-02T15:09:51.601Z] >>> [apiv2][query] GET https://cloudfunctions.googleapis.com/v1/operations/dml0YWNvYWNoL3VzLWNlbnRyYWwxL2hlbGxvV29ybGQvTDFKRVdVTGx4S3M [none]
[debug] [2021-08-02T15:09:52.510Z] <<< [apiv2][status] GET https://cloudfunctions.googleapis.com/v1/operations/dml0YWNvYWNoL3VzLWNlbnRyYWwxL2hlbGxvV29ybGQvTDFKRVdVTGx4S3M 200
[debug] [2021-08-02T15:09:52.511Z] <<< [apiv2][body] GET https://cloudfunctions.googleapis.com/v1/operations/dml0YWNvYWNoL3VzLWNlbnRyYWwxL2hlbGxvV29ybGQvTDFKRVdVTGx4S3M {"name":"operations/dml0YWNvYWNoL3VzLWNlbnRyYWwxL2hlbGxvV29ybGQvTDFKRVdVTGx4S3M","metadata":{"@type":"type.googleapis.com/google.cloud.functions.v1.OperationMetadataV1","target":"projects/vitacoach/locations/us-central1/functions/helloWorld","type":"UPDATE_FUNCTION","request":{"@type":"type.googleapis.com/google.cloud.functions.v1.CloudFunction","name":"projects/vitacoach/locations/us-central1/functions/helloWorld","httpsTrigger":{"url":"https://us-central1-vitacoach.cloudfunctions.net/helloWorld","securityLevel":"SECURE_OPTIONAL"},"status":"ACTIVE","entryPoint":"helloWorld","timeout":"60s","availableMemoryMb":256,"serviceAccountEmail":"vitacoach@appspot.gserviceaccount.com","updateTime":"2021-07-31T16:18:25.116Z","versionId":"10","labels":{"deployment-tool":"cli-firebase"},"sourceUploadUrl":"https://storage.googleapis.com/gcf-upload-us-central1-27ea7df7-6aec-4414-ad2a-36d6536db5e5/8d162299-10ae-479d-8822-87dddefb3bca.zip?GoogleAccessId=service-349656251768@gcf-admin-robot.iam.gserviceaccount.com&Expires=1627918745&Signature=DW5loa9AdZg5CelAhvY%2BPGI1EWaAtGocFV0WJ1um2aEYWpXYWGsZWL5q5t6FoPFXPSEucrPyz2LzLUkxnV%2F36Y%2F16FWnEHDMPX7CsycRfQCx3gieqq4aEnxrbiYX9VdwiECGuYChF40aWUSp600qILieOqBratTPSpL6fuS9wZBZ39KsqX4x3v4tTYH29o%2FJIlcVXdkY7E8zoYcU36FWHLh8gFfh1gxEsYMfylnqL3TN6B3nhoshpnkE8YN90J6QRmJ4KrlhATISYEnBm6y51m%2FJe%2FFS78hfGapyjkM0xy7XxBDt4wsXvLS7d%2FFNt99VK%2BHFgfg8cVXKcZnUTL7AKQ%3D%3D","environmentVariables":{"FIREBASE_CONFIG":"{\"projectId\":\"vitacoach\",\"storageBucket\":\"vitacoach.appspot.com\",\"locationId\":\"europe-west\"}"},"runtime":"nodejs14","ingressSettings":"ALLOW_ALL","buildId":"16bf37d6-613d-4032-9f39-c0fd1a6cf90d"},"versionId":"11","updateTime":"2021-08-02T15:09:24Z","buildId":"82abe94e-9fdb-4bb0-8b8c-0da9a77af0a0","buildName":"projects/349656251768/locations/us-central1/builds/82abe94e-9fdb-4bb0-8b8c-0da9a77af0a0"}}
[debug] [2021-08-02T15:10:08.517Z] [update-projects/vitacoach/locations/us-central1/functions/helloWorld] Retrying task index 0
[debug] [2021-08-02T15:10:08.518Z] >>> [apiv2][query] GET https://cloudfunctions.googleapis.com/v1/operations/dml0YWNvYWNoL3VzLWNlbnRyYWwxL2hlbGxvV29ybGQvTDFKRVdVTGx4S3M [none]
[debug] [2021-08-02T15:10:08.814Z] <<< [apiv2][status] GET https://cloudfunctions.googleapis.com/v1/operations/dml0YWNvYWNoL3VzLWNlbnRyYWwxL2hlbGxvV29ybGQvTDFKRVdVTGx4S3M 200
[debug] [2021-08-02T15:10:08.814Z] <<< [apiv2][body] GET https://cloudfunctions.googleapis.com/v1/operations/dml0YWNvYWNoL3VzLWNlbnRyYWwxL2hlbGxvV29ybGQvTDFKRVdVTGx4S3M {"name":"operations/dml0YWNvYWNoL3VzLWNlbnRyYWwxL2hlbGxvV29ybGQvTDFKRVdVTGx4S3M","metadata":{"@type":"type.googleapis.com/google.cloud.functions.v1.OperationMetadataV1","target":"projects/vitacoach/locations/us-central1/functions/helloWorld","type":"UPDATE_FUNCTION","request":{"@type":"type.googleapis.com/google.cloud.functions.v1.CloudFunction","name":"projects/vitacoach/locations/us-central1/functions/helloWorld","httpsTrigger":{"url":"https://us-central1-vitacoach.cloudfunctions.net/helloWorld","securityLevel":"SECURE_OPTIONAL"},"status":"ACTIVE","entryPoint":"helloWorld","timeout":"60s","availableMemoryMb":256,"serviceAccountEmail":"vitacoach@appspot.gserviceaccount.com","updateTime":"2021-07-31T16:18:25.116Z","versionId":"10","labels":{"deployment-tool":"cli-firebase"},"sourceUploadUrl":"https://storage.googleapis.com/gcf-upload-us-central1-27ea7df7-6aec-4414-ad2a-36d6536db5e5/8d162299-10ae-479d-8822-87dddefb3bca.zip?GoogleAccessId=service-349656251768@gcf-admin-robot.iam.gserviceaccount.com&Expires=1627918745&Signature=DW5loa9AdZg5CelAhvY%2BPGI1EWaAtGocFV0WJ1um2aEYWpXYWGsZWL5q5t6FoPFXPSEucrPyz2LzLUkxnV%2F36Y%2F16FWnEHDMPX7CsycRfQCx3gieqq4aEnxrbiYX9VdwiECGuYChF40aWUSp600qILieOqBratTPSpL6fuS9wZBZ39KsqX4x3v4tTYH29o%2FJIlcVXdkY7E8zoYcU36FWHLh8gFfh1gxEsYMfylnqL3TN6B3nhoshpnkE8YN90J6QRmJ4KrlhATISYEnBm6y51m%2FJe%2FFS78hfGapyjkM0xy7XxBDt4wsXvLS7d%2FFNt99VK%2BHFgfg8cVXKcZnUTL7AKQ%3D%3D","environmentVariables":{"FIREBASE_CONFIG":"{\"projectId\":\"vitacoach\",\"storageBucket\":\"vitacoach.appspot.com\",\"locationId\":\"europe-west\"}"},"runtime":"nodejs14","ingressSettings":"ALLOW_ALL","buildId":"16bf37d6-613d-4032-9f39-c0fd1a6cf90d"},"versionId":"11","updateTime":"2021-08-02T15:09:24Z","buildId":"82abe94e-9fdb-4bb0-8b8c-0da9a77af0a0","buildName":"projects/349656251768/locations/us-central1/builds/82abe94e-9fdb-4bb0-8b8c-0da9a77af0a0"}}
[debug] [2021-08-02T15:10:40.824Z] [update-projects/vitacoach/locations/us-central1/functions/helloWorld] Retrying task index 0
[debug] [2021-08-02T15:10:40.825Z] >>> [apiv2][query] GET https://cloudfunctions.googleapis.com/v1/operations/dml0YWNvYWNoL3VzLWNlbnRyYWwxL2hlbGxvV29ybGQvTDFKRVdVTGx4S3M [none]
[debug] [2021-08-02T15:10:41.209Z] <<< [apiv2][status] GET https://cloudfunctions.googleapis.com/v1/operations/dml0YWNvYWNoL3VzLWNlbnRyYWwxL2hlbGxvV29ybGQvTDFKRVdVTGx4S3M 200
[debug] [2021-08-02T15:10:41.209Z] <<< [apiv2][body] GET https://cloudfunctions.googleapis.com/v1/operations/dml0YWNvYWNoL3VzLWNlbnRyYWwxL2hlbGxvV29ybGQvTDFKRVdVTGx4S3M {"name":"operations/dml0YWNvYWNoL3VzLWNlbnRyYWwxL2hlbGxvV29ybGQvTDFKRVdVTGx4S3M","metadata":{"@type":"type.googleapis.com/google.cloud.functions.v1.OperationMetadataV1","target":"projects/vitacoach/locations/us-central1/functions/helloWorld","type":"UPDATE_FUNCTION","request":{"@type":"type.googleapis.com/google.cloud.functions.v1.CloudFunction","name":"projects/vitacoach/locations/us-central1/functions/helloWorld","httpsTrigger":{"url":"https://us-central1-vitacoach.cloudfunctions.net/helloWorld","securityLevel":"SECURE_OPTIONAL"},"status":"ACTIVE","entryPoint":"helloWorld","timeout":"60s","availableMemoryMb":256,"serviceAccountEmail":"vitacoach@appspot.gserviceaccount.com","updateTime":"2021-07-31T16:18:25.116Z","versionId":"10","labels":{"deployment-tool":"cli-firebase"},"sourceUploadUrl":"https://storage.googleapis.com/gcf-upload-us-central1-27ea7df7-6aec-4414-ad2a-36d6536db5e5/8d162299-10ae-479d-8822-87dddefb3bca.zip?GoogleAccessId=service-349656251768@gcf-admin-robot.iam.gserviceaccount.com&Expires=1627918745&Signature=DW5loa9AdZg5CelAhvY%2BPGI1EWaAtGocFV0WJ1um2aEYWpXYWGsZWL5q5t6FoPFXPSEucrPyz2LzLUkxnV%2F36Y%2F16FWnEHDMPX7CsycRfQCx3gieqq4aEnxrbiYX9VdwiECGuYChF40aWUSp600qILieOqBratTPSpL6fuS9wZBZ39KsqX4x3v4tTYH29o%2FJIlcVXdkY7E8zoYcU36FWHLh8gFfh1gxEsYMfylnqL3TN6B3nhoshpnkE8YN90J6QRmJ4KrlhATISYEnBm6y51m%2FJe%2FFS78hfGapyjkM0xy7XxBDt4wsXvLS7d%2FFNt99VK%2BHFgfg8cVXKcZnUTL7AKQ%3D%3D","environmentVariables":{"FIREBASE_CONFIG":"{\"projectId\":\"vitacoach\",\"storageBucket\":\"vitacoach.appspot.com\",\"locationId\":\"europe-west\"}"},"runtime":"nodejs14","ingressSettings":"ALLOW_ALL","buildId":"16bf37d6-613d-4032-9f39-c0fd1a6cf90d"},"versionId":"11","updateTime":"2021-08-02T15:10:33Z","buildId":"82abe94e-9fdb-4bb0-8b8c-0da9a77af0a0","sourceToken":"c8f51fcd-d568-4aed-bbd1-68f878101458","buildName":"projects/349656251768/locations/us-central1/builds/82abe94e-9fdb-4bb0-8b8c-0da9a77af0a0"},"done":true,"response":{"@type":"type.googleapis.com/google.cloud.functions.v1.CloudFunction","name":"projects/vitacoach/locations/us-central1/functions/helloWorld","httpsTrigger":{"url":"https://us-central1-vitacoach.cloudfunctions.net/helloWorld","securityLevel":"SECURE_OPTIONAL"},"status":"ACTIVE","entryPoint":"helloWorld","timeout":"60s","availableMemoryMb":256,"serviceAccountEmail":"vitacoach@appspot.gserviceaccount.com","updateTime":"2021-08-02T15:10:33.079Z","versionId":"11","labels":{"deployment-tool":"cli-firebase"},"sourceUploadUrl":"https://storage.googleapis.com/gcf-upload-us-central1-27ea7df7-6aec-4414-ad2a-36d6536db5e5/8d162299-10ae-479d-8822-87dddefb3bca.zip?GoogleAccessId=service-349656251768@gcf-admin-robot.iam.gserviceaccount.com&Expires=1627918745&Signature=DW5loa9AdZg5CelAhvY%2BPGI1EWaAtGocFV0WJ1um2aEYWpXYWGsZWL5q5t6FoPFXPSEucrPyz2LzLUkxnV%2F36Y%2F16FWnEHDMPX7CsycRfQCx3gieqq4aEnxrbiYX9VdwiECGuYChF40aWUSp600qILieOqBratTPSpL6fuS9wZBZ39KsqX4x3v4tTYH29o%2FJIlcVXdkY7E8zoYcU36FWHLh8gFfh1gxEsYMfylnqL3TN6B3nhoshpnkE8YN90J6QRmJ4KrlhATISYEnBm6y51m%2FJe%2FFS78hfGapyjkM0xy7XxBDt4wsXvLS7d%2FFNt99VK%2BHFgfg8cVXKcZnUTL7AKQ%3D%3D","environmentVariables":{"FIREBASE_CONFIG":"{\"projectId\":\"vitacoach\",\"storageBucket\":\"vitacoach.appspot.com\",\"locationId\":\"europe-west\"}"},"runtime":"nodejs14","ingressSettings":"ALLOW_ALL","buildId":"82abe94e-9fdb-4bb0-8b8c-0da9a77af0a0"}}
[debug] [2021-08-02T15:10:41.209Z] Got sourceToken c8f51fcd-d568-4aed-bbd1-68f878101458 for region us-central1
[info] i  functions: updating Node.js 14 function generateThumbnail(us-central1)... 
[debug] [2021-08-02T15:10:41.210Z] > refreshing access token with scopes: ["email","https://www.googleapis.com/auth/cloud-platform","https://www.googleapis.com/auth/cloudplatformprojects.readonly","https://www.googleapis.com/auth/firebase","openid"]
[debug] [2021-08-02T15:10:41.210Z] >>> HTTP REQUEST POST https://www.googleapis.com/oauth2/v3/token  
 <request body omitted>
[info] ✔  functions[helloWorld(us-central1)]: Successful update operation.  
[debug] [2021-08-02T15:10:41.403Z] <<< HTTP RESPONSE 200 {"expires":"Mon, 01 Jan 1990 00:00:00 GMT","cache-control":"no-cache, no-store, max-age=0, must-revalidate","pragma":"no-cache","date":"Mon, 02 Aug 2021 15:10:41 GMT","content-type":"application/json; charset=utf-8","vary":"X-Origin, Referer, Origin,Accept-Encoding","server":"scaffolding on HTTPServer2","x-xss-protection":"0","x-frame-options":"SAMEORIGIN","x-content-type-options":"nosniff","alt-svc":"h3=\":443\"; ma=2592000,h3-29=\":443\"; ma=2592000,h3-T051=\":443\"; ma=2592000,h3-Q050=\":443\"; ma=2592000,h3-Q046=\":443\"; ma=2592000,h3-Q043=\":443\"; ma=2592000,quic=\":443\"; ma=2592000; v=\"46,43\"","accept-ranges":"none","transfer-encoding":"chunked"}
[debug] [2021-08-02T15:10:41.561Z] >>> HTTP REQUEST PATCH https://cloudfunctions.googleapis.com/v1/projects/vitacoach/locations/us-central1/functions/generateThumbnail {"updateMask":"name,sourceUploadUrl,entryPoint,runtime,eventTrigger.eventType,eventTrigger.resource,eventTrigger.failurePolicy,labels,environmentVariables,sourceToken"} 
 {"name":"projects/vitacoach/locations/us-central1/functions/generateThumbnail","sourceUploadUrl":"https://storage.googleapis.com/gcf-upload-us-central1-27ea7df7-6aec-4414-ad2a-36d6536db5e5/8d162299-10ae-479d-8822-87dddefb3bca.zip?GoogleAccessId=service-349656251768@gcf-admin-robot.iam.gserviceaccount.com&Expires=1627918745&Signature=DW5loa9AdZg5CelAhvY%2BPGI1EWaAtGocFV0WJ1um2aEYWpXYWGsZWL5q5t6FoPFXPSEucrPyz2LzLUkxnV%2F36Y%2F16FWnEHDMPX7CsycRfQCx3gieqq4aEnxrbiYX9VdwiECGuYChF40aWUSp600qILieOqBratTPSpL6fuS9wZBZ39KsqX4x3v4tTYH29o%2FJIlcVXdkY7E8zoYcU36FWHLh8gFfh1gxEsYMfylnqL3TN6B3nhoshpnkE8YN90J6QRmJ4KrlhATISYEnBm6y51m%2FJe%2FFS78hfGapyjkM0xy7XxBDt4wsXvLS7d%2FFNt99VK%2BHFgfg8cVXKcZnUTL7AKQ%3D%3D","entryPoint":"generateThumbnail","runtime":"nodejs14","eventTrigger":{"eventType":"google.storage.object.finalize","resource":"projects/_/buckets/vitacoach.appspot.com"},"labels":{"deployment-tool":"cli-firebase"},"environmentVariables":{"FIREBASE_CONFIG":"{\"projectId\":\"vitacoach\",\"storageBucket\":\"vitacoach.appspot.com\",\"locationId\":\"europe-west\"}"},"sourceToken":"c8f51fcd-d568-4aed-bbd1-68f878101458"}
[debug] [2021-08-02T15:10:42.070Z] <<< HTTP RESPONSE 200 {"content-type":"application/json; charset=UTF-8","vary":"X-Origin, Referer, Origin,Accept-Encoding","date":"Mon, 02 Aug 2021 15:10:41 GMT","server":"ESF","cache-control":"private","x-xss-protection":"0","x-frame-options":"SAMEORIGIN","x-content-type-options":"nosniff","alt-svc":"h3=\":443\"; ma=2592000,h3-29=\":443\"; ma=2592000,h3-T051=\":443\"; ma=2592000,h3-Q050=\":443\"; ma=2592000,h3-Q046=\":443\"; ma=2592000,h3-Q043=\":443\"; ma=2592000,quic=\":443\"; ma=2592000; v=\"46,43\"","accept-ranges":"none","transfer-encoding":"chunked"}
[debug] [2021-08-02T15:10:42.071Z] > refreshing access token with scopes: []
[debug] [2021-08-02T15:10:42.071Z] >>> HTTP REQUEST POST https://www.googleapis.com/oauth2/v3/token  
 <request body omitted>
[debug] [2021-08-02T15:10:42.497Z] <<< HTTP RESPONSE 200 {"date":"Mon, 02 Aug 2021 15:10:42 GMT","cache-control":"no-cache, no-store, max-age=0, must-revalidate","expires":"Mon, 01 Jan 1990 00:00:00 GMT","pragma":"no-cache","content-type":"application/json; charset=utf-8","vary":"X-Origin, Referer, Origin,Accept-Encoding","server":"scaffolding on HTTPServer2","x-xss-protection":"0","x-frame-options":"SAMEORIGIN","x-content-type-options":"nosniff","alt-svc":"h3=\":443\"; ma=2592000,h3-29=\":443\"; ma=2592000,h3-T051=\":443\"; ma=2592000,h3-Q050=\":443\"; ma=2592000,h3-Q046=\":443\"; ma=2592000,h3-Q043=\":443\"; ma=2592000,quic=\":443\"; ma=2592000; v=\"46,43\"","accept-ranges":"none","transfer-encoding":"chunked"}
[debug] [2021-08-02T15:10:42.655Z] >>> [apiv2][query] GET https://cloudfunctions.googleapis.com/v1/operations/dml0YWNvYWNoL3VzLWNlbnRyYWwxL2dlbmVyYXRlVGh1bWJuYWlsL21LcmFHdEZRVW1R [none]
[debug] [2021-08-02T15:10:43.136Z] <<< [apiv2][status] GET https://cloudfunctions.googleapis.com/v1/operations/dml0YWNvYWNoL3VzLWNlbnRyYWwxL2dlbmVyYXRlVGh1bWJuYWlsL21LcmFHdEZRVW1R 200
[debug] [2021-08-02T15:10:43.136Z] <<< [apiv2][body] GET https://cloudfunctions.googleapis.com/v1/operations/dml0YWNvYWNoL3VzLWNlbnRyYWwxL2dlbmVyYXRlVGh1bWJuYWlsL21LcmFHdEZRVW1R {"name":"operations/dml0YWNvYWNoL3VzLWNlbnRyYWwxL2dlbmVyYXRlVGh1bWJuYWlsL21LcmFHdEZRVW1R","metadata":{"@type":"type.googleapis.com/google.cloud.functions.v1.OperationMetadataV1","target":"projects/vitacoach/locations/us-central1/functions/generateThumbnail","type":"UPDATE_FUNCTION","request":{"@type":"type.googleapis.com/google.cloud.functions.v1.CloudFunction","name":"projects/vitacoach/locations/us-central1/functions/generateThumbnail","eventTrigger":{"eventType":"google.storage.object.finalize","resource":"projects/_/buckets/vitacoach.appspot.com","service":"storage.googleapis.com"},"status":"ACTIVE","entryPoint":"generateThumbnail","timeout":"60s","availableMemoryMb":256,"serviceAccountEmail":"vitacoach@appspot.gserviceaccount.com","updateTime":"2021-07-31T16:18:40.385Z","versionId":"9","labels":{"deployment-tool":"cli-firebase"},"sourceUploadUrl":"https://storage.googleapis.com/gcf-upload-us-central1-27ea7df7-6aec-4414-ad2a-36d6536db5e5/8d162299-10ae-479d-8822-87dddefb3bca.zip?GoogleAccessId=service-349656251768@gcf-admin-robot.iam.gserviceaccount.com&Expires=1627918745&Signature=DW5loa9AdZg5CelAhvY%2BPGI1EWaAtGocFV0WJ1um2aEYWpXYWGsZWL5q5t6FoPFXPSEucrPyz2LzLUkxnV%2F36Y%2F16FWnEHDMPX7CsycRfQCx3gieqq4aEnxrbiYX9VdwiECGuYChF40aWUSp600qILieOqBratTPSpL6fuS9wZBZ39KsqX4x3v4tTYH29o%2FJIlcVXdkY7E8zoYcU36FWHLh8gFfh1gxEsYMfylnqL3TN6B3nhoshpnkE8YN90J6QRmJ4KrlhATISYEnBm6y51m%2FJe%2FFS78hfGapyjkM0xy7XxBDt4wsXvLS7d%2FFNt99VK%2BHFgfg8cVXKcZnUTL7AKQ%3D%3D","environmentVariables":{"FIREBASE_CONFIG":"{\"projectId\":\"vitacoach\",\"storageBucket\":\"vitacoach.appspot.com\",\"locationId\":\"europe-west\"}"},"runtime":"nodejs14","ingressSettings":"ALLOW_ALL","buildId":"16bf37d6-613d-4032-9f39-c0fd1a6cf90d","sourceToken":"c8f51fcd-d568-4aed-bbd1-68f878101458"},"versionId":"10","updateTime":"2021-08-02T15:10:42Z","sourceToken":"c8f51fcd-d568-4aed-bbd1-68f878101458","buildName":"projects/349656251768/locations/us-central1/builds/16bf37d6-613d-4032-9f39-c0fd1a6cf90d"}}
[debug] [2021-08-02T15:10:43.136Z] Got sourceToken c8f51fcd-d568-4aed-bbd1-68f878101458 for region us-central1
[debug] [2021-08-02T15:10:43.638Z] [update-projects/vitacoach/locations/us-central1/functions/generateThumbnail] Retrying task index 0
[debug] [2021-08-02T15:10:43.639Z] >>> [apiv2][query] GET https://cloudfunctions.googleapis.com/v1/operations/dml0YWNvYWNoL3VzLWNlbnRyYWwxL2dlbmVyYXRlVGh1bWJuYWlsL21LcmFHdEZRVW1R [none]
[debug] [2021-08-02T15:10:44.280Z] <<< [apiv2][status] GET https://cloudfunctions.googleapis.com/v1/operations/dml0YWNvYWNoL3VzLWNlbnRyYWwxL2dlbmVyYXRlVGh1bWJuYWlsL21LcmFHdEZRVW1R 200
[debug] [2021-08-02T15:10:44.280Z] <<< [apiv2][body] GET https://cloudfunctions.googleapis.com/v1/operations/dml0YWNvYWNoL3VzLWNlbnRyYWwxL2dlbmVyYXRlVGh1bWJuYWlsL21LcmFHdEZRVW1R {"name":"operations/dml0YWNvYWNoL3VzLWNlbnRyYWwxL2dlbmVyYXRlVGh1bWJuYWlsL21LcmFHdEZRVW1R","metadata":{"@type":"type.googleapis.com/google.cloud.functions.v1.OperationMetadataV1","target":"projects/vitacoach/locations/us-central1/functions/generateThumbnail","type":"UPDATE_FUNCTION","request":{"@type":"type.googleapis.com/google.cloud.functions.v1.CloudFunction","name":"projects/vitacoach/locations/us-central1/functions/generateThumbnail","eventTrigger":{"eventType":"google.storage.object.finalize","resource":"projects/_/buckets/vitacoach.appspot.com","service":"storage.googleapis.com"},"status":"ACTIVE","entryPoint":"generateThumbnail","timeout":"60s","availableMemoryMb":256,"serviceAccountEmail":"vitacoach@appspot.gserviceaccount.com","updateTime":"2021-07-31T16:18:40.385Z","versionId":"9","labels":{"deployment-tool":"cli-firebase"},"sourceUploadUrl":"https://storage.googleapis.com/gcf-upload-us-central1-27ea7df7-6aec-4414-ad2a-36d6536db5e5/8d162299-10ae-479d-8822-87dddefb3bca.zip?GoogleAccessId=service-349656251768@gcf-admin-robot.iam.gserviceaccount.com&Expires=1627918745&Signature=DW5loa9AdZg5CelAhvY%2BPGI1EWaAtGocFV0WJ1um2aEYWpXYWGsZWL5q5t6FoPFXPSEucrPyz2LzLUkxnV%2F36Y%2F16FWnEHDMPX7CsycRfQCx3gieqq4aEnxrbiYX9VdwiECGuYChF40aWUSp600qILieOqBratTPSpL6fuS9wZBZ39KsqX4x3v4tTYH29o%2FJIlcVXdkY7E8zoYcU36FWHLh8gFfh1gxEsYMfylnqL3TN6B3nhoshpnkE8YN90J6QRmJ4KrlhATISYEnBm6y51m%2FJe%2FFS78hfGapyjkM0xy7XxBDt4wsXvLS7d%2FFNt99VK%2BHFgfg8cVXKcZnUTL7AKQ%3D%3D","environmentVariables":{"FIREBASE_CONFIG":"{\"projectId\":\"vitacoach\",\"storageBucket\":\"vitacoach.appspot.com\",\"locationId\":\"europe-west\"}"},"runtime":"nodejs14","ingressSettings":"ALLOW_ALL","buildId":"16bf37d6-613d-4032-9f39-c0fd1a6cf90d","sourceToken":"c8f51fcd-d568-4aed-bbd1-68f878101458"},"versionId":"10","updateTime":"2021-08-02T15:10:42Z","sourceToken":"c8f51fcd-d568-4aed-bbd1-68f878101458","buildName":"projects/349656251768/locations/us-central1/builds/16bf37d6-613d-4032-9f39-c0fd1a6cf90d"}}
[debug] [2021-08-02T15:10:44.280Z] Got sourceToken c8f51fcd-d568-4aed-bbd1-68f878101458 for region us-central1
[debug] [2021-08-02T15:10:45.287Z] [update-projects/vitacoach/locations/us-central1/functions/generateThumbnail] Retrying task index 0
[debug] [2021-08-02T15:10:45.288Z] >>> [apiv2][query] GET https://cloudfunctions.googleapis.com/v1/operations/dml0YWNvYWNoL3VzLWNlbnRyYWwxL2dlbmVyYXRlVGh1bWJuYWlsL21LcmFHdEZRVW1R [none]
[debug] [2021-08-02T15:10:45.608Z] <<< [apiv2][status] GET https://cloudfunctions.googleapis.com/v1/operations/dml0YWNvYWNoL3VzLWNlbnRyYWwxL2dlbmVyYXRlVGh1bWJuYWlsL21LcmFHdEZRVW1R 200
[debug] [2021-08-02T15:10:45.608Z] <<< [apiv2][body] GET https://cloudfunctions.googleapis.com/v1/operations/dml0YWNvYWNoL3VzLWNlbnRyYWwxL2dlbmVyYXRlVGh1bWJuYWlsL21LcmFHdEZRVW1R {"name":"operations/dml0YWNvYWNoL3VzLWNlbnRyYWwxL2dlbmVyYXRlVGh1bWJuYWlsL21LcmFHdEZRVW1R","metadata":{"@type":"type.googleapis.com/google.cloud.functions.v1.OperationMetadataV1","target":"projects/vitacoach/locations/us-central1/functions/generateThumbnail","type":"UPDATE_FUNCTION","request":{"@type":"type.googleapis.com/google.cloud.functions.v1.CloudFunction","name":"projects/vitacoach/locations/us-central1/functions/generateThumbnail","eventTrigger":{"eventType":"google.storage.object.finalize","resource":"projects/_/buckets/vitacoach.appspot.com","service":"storage.googleapis.com"},"status":"ACTIVE","entryPoint":"generateThumbnail","timeout":"60s","availableMemoryMb":256,"serviceAccountEmail":"vitacoach@appspot.gserviceaccount.com","updateTime":"2021-07-31T16:18:40.385Z","versionId":"9","labels":{"deployment-tool":"cli-firebase"},"sourceUploadUrl":"https://storage.googleapis.com/gcf-upload-us-central1-27ea7df7-6aec-4414-ad2a-36d6536db5e5/8d162299-10ae-479d-8822-87dddefb3bca.zip?GoogleAccessId=service-349656251768@gcf-admin-robot.iam.gserviceaccount.com&Expires=1627918745&Signature=DW5loa9AdZg5CelAhvY%2BPGI1EWaAtGocFV0WJ1um2aEYWpXYWGsZWL5q5t6FoPFXPSEucrPyz2LzLUkxnV%2F36Y%2F16FWnEHDMPX7CsycRfQCx3gieqq4aEnxrbiYX9VdwiECGuYChF40aWUSp600qILieOqBratTPSpL6fuS9wZBZ39KsqX4x3v4tTYH29o%2FJIlcVXdkY7E8zoYcU36FWHLh8gFfh1gxEsYMfylnqL3TN6B3nhoshpnkE8YN90J6QRmJ4KrlhATISYEnBm6y51m%2FJe%2FFS78hfGapyjkM0xy7XxBDt4wsXvLS7d%2FFNt99VK%2BHFgfg8cVXKcZnUTL7AKQ%3D%3D","environmentVariables":{"FIREBASE_CONFIG":"{\"projectId\":\"vitacoach\",\"storageBucket\":\"vitacoach.appspot.com\",\"locationId\":\"europe-west\"}"},"runtime":"nodejs14","ingressSettings":"ALLOW_ALL","buildId":"16bf37d6-613d-4032-9f39-c0fd1a6cf90d","sourceToken":"c8f51fcd-d568-4aed-bbd1-68f878101458"},"versionId":"10","updateTime":"2021-08-02T15:10:42Z","buildId":"82abe94e-9fdb-4bb0-8b8c-0da9a77af0a0","sourceToken":"c8f51fcd-d568-4aed-bbd1-68f878101458","buildName":"projects/349656251768/locations/us-central1/builds/82abe94e-9fdb-4bb0-8b8c-0da9a77af0a0"}}
[debug] [2021-08-02T15:10:45.608Z] Got sourceToken c8f51fcd-d568-4aed-bbd1-68f878101458 for region us-central1
[debug] [2021-08-02T15:10:47.609Z] [update-projects/vitacoach/locations/us-central1/functions/generateThumbnail] Retrying task index 0
[debug] [2021-08-02T15:10:47.610Z] >>> [apiv2][query] GET https://cloudfunctions.googleapis.com/v1/operations/dml0YWNvYWNoL3VzLWNlbnRyYWwxL2dlbmVyYXRlVGh1bWJuYWlsL21LcmFHdEZRVW1R [none]
[debug] [2021-08-02T15:10:49.180Z] <<< [apiv2][status] GET https://cloudfunctions.googleapis.com/v1/operations/dml0YWNvYWNoL3VzLWNlbnRyYWwxL2dlbmVyYXRlVGh1bWJuYWlsL21LcmFHdEZRVW1R 200
[debug] [2021-08-02T15:10:49.180Z] <<< [apiv2][body] GET https://cloudfunctions.googleapis.com/v1/operations/dml0YWNvYWNoL3VzLWNlbnRyYWwxL2dlbmVyYXRlVGh1bWJuYWlsL21LcmFHdEZRVW1R {"name":"operations/dml0YWNvYWNoL3VzLWNlbnRyYWwxL2dlbmVyYXRlVGh1bWJuYWlsL21LcmFHdEZRVW1R","metadata":{"@type":"type.googleapis.com/google.cloud.functions.v1.OperationMetadataV1","target":"projects/vitacoach/locations/us-central1/functions/generateThumbnail","type":"UPDATE_FUNCTION","request":{"@type":"type.googleapis.com/google.cloud.functions.v1.CloudFunction","name":"projects/vitacoach/locations/us-central1/functions/generateThumbnail","eventTrigger":{"eventType":"google.storage.object.finalize","resource":"projects/_/buckets/vitacoach.appspot.com","service":"storage.googleapis.com"},"status":"ACTIVE","entryPoint":"generateThumbnail","timeout":"60s","availableMemoryMb":256,"serviceAccountEmail":"vitacoach@appspot.gserviceaccount.com","updateTime":"2021-07-31T16:18:40.385Z","versionId":"9","labels":{"deployment-tool":"cli-firebase"},"sourceUploadUrl":"https://storage.googleapis.com/gcf-upload-us-central1-27ea7df7-6aec-4414-ad2a-36d6536db5e5/8d162299-10ae-479d-8822-87dddefb3bca.zip?GoogleAccessId=service-349656251768@gcf-admin-robot.iam.gserviceaccount.com&Expires=1627918745&Signature=DW5loa9AdZg5CelAhvY%2BPGI1EWaAtGocFV0WJ1um2aEYWpXYWGsZWL5q5t6FoPFXPSEucrPyz2LzLUkxnV%2F36Y%2F16FWnEHDMPX7CsycRfQCx3gieqq4aEnxrbiYX9VdwiECGuYChF40aWUSp600qILieOqBratTPSpL6fuS9wZBZ39KsqX4x3v4tTYH29o%2FJIlcVXdkY7E8zoYcU36FWHLh8gFfh1gxEsYMfylnqL3TN6B3nhoshpnkE8YN90J6QRmJ4KrlhATISYEnBm6y51m%2FJe%2FFS78hfGapyjkM0xy7XxBDt4wsXvLS7d%2FFNt99VK%2BHFgfg8cVXKcZnUTL7AKQ%3D%3D","environmentVariables":{"FIREBASE_CONFIG":"{\"projectId\":\"vitacoach\",\"storageBucket\":\"vitacoach.appspot.com\",\"locationId\":\"europe-west\"}"},"runtime":"nodejs14","ingressSettings":"ALLOW_ALL","buildId":"16bf37d6-613d-4032-9f39-c0fd1a6cf90d","sourceToken":"c8f51fcd-d568-4aed-bbd1-68f878101458"},"versionId":"10","updateTime":"2021-08-02T15:10:42Z","buildId":"82abe94e-9fdb-4bb0-8b8c-0da9a77af0a0","sourceToken":"c8f51fcd-d568-4aed-bbd1-68f878101458","buildName":"projects/349656251768/locations/us-central1/builds/82abe94e-9fdb-4bb0-8b8c-0da9a77af0a0"}}
[debug] [2021-08-02T15:10:49.180Z] Got sourceToken c8f51fcd-d568-4aed-bbd1-68f878101458 for region us-central1
[debug] [2021-08-02T15:10:53.181Z] [update-projects/vitacoach/locations/us-central1/functions/generateThumbnail] Retrying task index 0
[debug] [2021-08-02T15:10:53.182Z] >>> [apiv2][query] GET https://cloudfunctions.googleapis.com/v1/operations/dml0YWNvYWNoL3VzLWNlbnRyYWwxL2dlbmVyYXRlVGh1bWJuYWlsL21LcmFHdEZRVW1R [none]
[debug] [2021-08-02T15:10:53.418Z] <<< [apiv2][status] GET https://cloudfunctions.googleapis.com/v1/operations/dml0YWNvYWNoL3VzLWNlbnRyYWwxL2dlbmVyYXRlVGh1bWJuYWlsL21LcmFHdEZRVW1R 200
[debug] [2021-08-02T15:10:53.418Z] <<< [apiv2][body] GET https://cloudfunctions.googleapis.com/v1/operations/dml0YWNvYWNoL3VzLWNlbnRyYWwxL2dlbmVyYXRlVGh1bWJuYWlsL21LcmFHdEZRVW1R {"name":"operations/dml0YWNvYWNoL3VzLWNlbnRyYWwxL2dlbmVyYXRlVGh1bWJuYWlsL21LcmFHdEZRVW1R","metadata":{"@type":"type.googleapis.com/google.cloud.functions.v1.OperationMetadataV1","target":"projects/vitacoach/locations/us-central1/functions/generateThumbnail","type":"UPDATE_FUNCTION","request":{"@type":"type.googleapis.com/google.cloud.functions.v1.CloudFunction","name":"projects/vitacoach/locations/us-central1/functions/generateThumbnail","eventTrigger":{"eventType":"google.storage.object.finalize","resource":"projects/_/buckets/vitacoach.appspot.com","service":"storage.googleapis.com"},"status":"ACTIVE","entryPoint":"generateThumbnail","timeout":"60s","availableMemoryMb":256,"serviceAccountEmail":"vitacoach@appspot.gserviceaccount.com","updateTime":"2021-07-31T16:18:40.385Z","versionId":"9","labels":{"deployment-tool":"cli-firebase"},"sourceUploadUrl":"https://storage.googleapis.com/gcf-upload-us-central1-27ea7df7-6aec-4414-ad2a-36d6536db5e5/8d162299-10ae-479d-8822-87dddefb3bca.zip?GoogleAccessId=service-349656251768@gcf-admin-robot.iam.gserviceaccount.com&Expires=1627918745&Signature=DW5loa9AdZg5CelAhvY%2BPGI1EWaAtGocFV0WJ1um2aEYWpXYWGsZWL5q5t6FoPFXPSEucrPyz2LzLUkxnV%2F36Y%2F16FWnEHDMPX7CsycRfQCx3gieqq4aEnxrbiYX9VdwiECGuYChF40aWUSp600qILieOqBratTPSpL6fuS9wZBZ39KsqX4x3v4tTYH29o%2FJIlcVXdkY7E8zoYcU36FWHLh8gFfh1gxEsYMfylnqL3TN6B3nhoshpnkE8YN90J6QRmJ4KrlhATISYEnBm6y51m%2FJe%2FFS78hfGapyjkM0xy7XxBDt4wsXvLS7d%2FFNt99VK%2BHFgfg8cVXKcZnUTL7AKQ%3D%3D","environmentVariables":{"FIREBASE_CONFIG":"{\"projectId\":\"vitacoach\",\"storageBucket\":\"vitacoach.appspot.com\",\"locationId\":\"europe-west\"}"},"runtime":"nodejs14","ingressSettings":"ALLOW_ALL","buildId":"16bf37d6-613d-4032-9f39-c0fd1a6cf90d","sourceToken":"c8f51fcd-d568-4aed-bbd1-68f878101458"},"versionId":"10","updateTime":"2021-08-02T15:10:42Z","buildId":"82abe94e-9fdb-4bb0-8b8c-0da9a77af0a0","sourceToken":"c8f51fcd-d568-4aed-bbd1-68f878101458","buildName":"projects/349656251768/locations/us-central1/builds/82abe94e-9fdb-4bb0-8b8c-0da9a77af0a0"}}
[debug] [2021-08-02T15:10:53.419Z] Got sourceToken c8f51fcd-d568-4aed-bbd1-68f878101458 for region us-central1
[debug] [2021-08-02T15:11:01.429Z] [update-projects/vitacoach/locations/us-central1/functions/generateThumbnail] Retrying task index 0
[debug] [2021-08-02T15:11:01.430Z] >>> [apiv2][query] GET https://cloudfunctions.googleapis.com/v1/operations/dml0YWNvYWNoL3VzLWNlbnRyYWwxL2dlbmVyYXRlVGh1bWJuYWlsL21LcmFHdEZRVW1R [none]
[debug] [2021-08-02T15:11:02.002Z] <<< [apiv2][status] GET https://cloudfunctions.googleapis.com/v1/operations/dml0YWNvYWNoL3VzLWNlbnRyYWwxL2dlbmVyYXRlVGh1bWJuYWlsL21LcmFHdEZRVW1R 200
[debug] [2021-08-02T15:11:02.002Z] <<< [apiv2][body] GET https://cloudfunctions.googleapis.com/v1/operations/dml0YWNvYWNoL3VzLWNlbnRyYWwxL2dlbmVyYXRlVGh1bWJuYWlsL21LcmFHdEZRVW1R {"name":"operations/dml0YWNvYWNoL3VzLWNlbnRyYWwxL2dlbmVyYXRlVGh1bWJuYWlsL21LcmFHdEZRVW1R","metadata":{"@type":"type.googleapis.com/google.cloud.functions.v1.OperationMetadataV1","target":"projects/vitacoach/locations/us-central1/functions/generateThumbnail","type":"UPDATE_FUNCTION","request":{"@type":"type.googleapis.com/google.cloud.functions.v1.CloudFunction","name":"projects/vitacoach/locations/us-central1/functions/generateThumbnail","eventTrigger":{"eventType":"google.storage.object.finalize","resource":"projects/_/buckets/vitacoach.appspot.com","service":"storage.googleapis.com"},"status":"ACTIVE","entryPoint":"generateThumbnail","timeout":"60s","availableMemoryMb":256,"serviceAccountEmail":"vitacoach@appspot.gserviceaccount.com","updateTime":"2021-07-31T16:18:40.385Z","versionId":"9","labels":{"deployment-tool":"cli-firebase"},"sourceUploadUrl":"https://storage.googleapis.com/gcf-upload-us-central1-27ea7df7-6aec-4414-ad2a-36d6536db5e5/8d162299-10ae-479d-8822-87dddefb3bca.zip?GoogleAccessId=service-349656251768@gcf-admin-robot.iam.gserviceaccount.com&Expires=1627918745&Signature=DW5loa9AdZg5CelAhvY%2BPGI1EWaAtGocFV0WJ1um2aEYWpXYWGsZWL5q5t6FoPFXPSEucrPyz2LzLUkxnV%2F36Y%2F16FWnEHDMPX7CsycRfQCx3gieqq4aEnxrbiYX9VdwiECGuYChF40aWUSp600qILieOqBratTPSpL6fuS9wZBZ39KsqX4x3v4tTYH29o%2FJIlcVXdkY7E8zoYcU36FWHLh8gFfh1gxEsYMfylnqL3TN6B3nhoshpnkE8YN90J6QRmJ4KrlhATISYEnBm6y51m%2FJe%2FFS78hfGapyjkM0xy7XxBDt4wsXvLS7d%2FFNt99VK%2BHFgfg8cVXKcZnUTL7AKQ%3D%3D","environmentVariables":{"FIREBASE_CONFIG":"{\"projectId\":\"vitacoach\",\"storageBucket\":\"vitacoach.appspot.com\",\"locationId\":\"europe-west\"}"},"runtime":"nodejs14","ingressSettings":"ALLOW_ALL","buildId":"16bf37d6-613d-4032-9f39-c0fd1a6cf90d","sourceToken":"c8f51fcd-d568-4aed-bbd1-68f878101458"},"versionId":"10","updateTime":"2021-08-02T15:10:57Z","buildId":"82abe94e-9fdb-4bb0-8b8c-0da9a77af0a0","sourceToken":"c8f51fcd-d568-4aed-bbd1-68f878101458","buildName":"projects/349656251768/locations/us-central1/builds/82abe94e-9fdb-4bb0-8b8c-0da9a77af0a0"},"done":true,"response":{"@type":"type.googleapis.com/google.cloud.functions.v1.CloudFunction","name":"projects/vitacoach/locations/us-central1/functions/generateThumbnail","eventTrigger":{"eventType":"google.storage.object.finalize","resource":"projects/_/buckets/vitacoach.appspot.com","service":"storage.googleapis.com","failurePolicy":{}},"status":"ACTIVE","entryPoint":"generateThumbnail","timeout":"60s","availableMemoryMb":256,"serviceAccountEmail":"vitacoach@appspot.gserviceaccount.com","updateTime":"2021-08-02T15:10:57.564Z","versionId":"10","labels":{"deployment-tool":"cli-firebase"},"sourceUploadUrl":"https://storage.googleapis.com/gcf-upload-us-central1-27ea7df7-6aec-4414-ad2a-36d6536db5e5/8d162299-10ae-479d-8822-87dddefb3bca.zip?GoogleAccessId=service-349656251768@gcf-admin-robot.iam.gserviceaccount.com&Expires=1627918745&Signature=DW5loa9AdZg5CelAhvY%2BPGI1EWaAtGocFV0WJ1um2aEYWpXYWGsZWL5q5t6FoPFXPSEucrPyz2LzLUkxnV%2F36Y%2F16FWnEHDMPX7CsycRfQCx3gieqq4aEnxrbiYX9VdwiECGuYChF40aWUSp600qILieOqBratTPSpL6fuS9wZBZ39KsqX4x3v4tTYH29o%2FJIlcVXdkY7E8zoYcU36FWHLh8gFfh1gxEsYMfylnqL3TN6B3nhoshpnkE8YN90J6QRmJ4KrlhATISYEnBm6y51m%2FJe%2FFS78hfGapyjkM0xy7XxBDt4wsXvLS7d%2FFNt99VK%2BHFgfg8cVXKcZnUTL7AKQ%3D%3D","environmentVariables":{"FIREBASE_CONFIG":"{\"projectId\":\"vitacoach\",\"storageBucket\":\"vitacoach.appspot.com\",\"locationId\":\"europe-west\"}"},"runtime":"nodejs14","ingressSettings":"ALLOW_ALL","buildId":"82abe94e-9fdb-4bb0-8b8c-0da9a77af0a0"}}
[debug] [2021-08-02T15:11:02.002Z] Got sourceToken c8f51fcd-d568-4aed-bbd1-68f878101458 for region us-central1
[info] ✔  functions[generateThumbnail(us-central1)]: Successful update operation.  
[debug] [2021-08-02T15:11:02.004Z] Total Function Deployment time: 98895
[debug] [2021-08-02T15:11:02.004Z] 2 Functions Deployed
[debug] [2021-08-02T15:11:02.004Z] 0 Functions Errored
[debug] [2021-08-02T15:11:02.004Z] Average Function Deployment time: 49448.5
[info] i  functions: cleaning up build files... 
[debug] [2021-08-02T15:11:02.007Z] >>> [apiv2][query] GET https://us.gcr.io/v2/vitacoach/gcf/us-central1/tags/list [none]
[debug] [2021-08-02T15:11:02.008Z] >>> [apiv2][query] GET https://us.gcr.io/v2/vitacoach/gcf/us-central1/tags/list [none]
[debug] [2021-08-02T15:11:02.748Z] <<< [apiv2][status] GET https://us.gcr.io/v2/vitacoach/gcf/us-central1/tags/list 200
[debug] [2021-08-02T15:11:02.748Z] <<< [apiv2][body] GET https://us.gcr.io/v2/vitacoach/gcf/us-central1/tags/list {"child":["4fec2ff9-1bd1-47d3-9233-139c4885069c","cf666b85-f5a3-4ea7-8ad6-9ca70cdc837e"],"manifest":{},"name":"vitacoach/gcf/us-central1","tags":[]}
[debug] [2021-08-02T15:11:02.749Z] >>> [apiv2][query] GET https://us.gcr.io/v2/vitacoach/gcf/us-central1/4fec2ff9-1bd1-47d3-9233-139c4885069c/tags/list [none]
[debug] [2021-08-02T15:11:02.752Z] >>> [apiv2][query] GET https://us.gcr.io/v2/vitacoach/gcf/us-central1/cf666b85-f5a3-4ea7-8ad6-9ca70cdc837e/tags/list [none]
[debug] [2021-08-02T15:11:02.933Z] <<< [apiv2][status] GET https://us.gcr.io/v2/vitacoach/gcf/us-central1/tags/list 200
[debug] [2021-08-02T15:11:02.933Z] <<< [apiv2][body] GET https://us.gcr.io/v2/vitacoach/gcf/us-central1/tags/list {"child":["4fec2ff9-1bd1-47d3-9233-139c4885069c","cf666b85-f5a3-4ea7-8ad6-9ca70cdc837e"],"manifest":{},"name":"vitacoach/gcf/us-central1","tags":[]}
[debug] [2021-08-02T15:11:02.934Z] >>> [apiv2][query] GET https://us.gcr.io/v2/vitacoach/gcf/us-central1/4fec2ff9-1bd1-47d3-9233-139c4885069c/tags/list [none]
[debug] [2021-08-02T15:11:02.935Z] >>> [apiv2][query] GET https://us.gcr.io/v2/vitacoach/gcf/us-central1/cf666b85-f5a3-4ea7-8ad6-9ca70cdc837e/tags/list [none]
[debug] [2021-08-02T15:11:03.355Z] <<< [apiv2][status] GET https://us.gcr.io/v2/vitacoach/gcf/us-central1/cf666b85-f5a3-4ea7-8ad6-9ca70cdc837e/tags/list 200
[debug] [2021-08-02T15:11:03.355Z] <<< [apiv2][body] GET https://us.gcr.io/v2/vitacoach/gcf/us-central1/cf666b85-f5a3-4ea7-8ad6-9ca70cdc837e/tags/list {"child":[],"manifest":{"sha256:719bf6ec3836c063d0275d21b6cb927db3174b31547295e1b7a0261133edc054":{"imageSizeBytes":"423594417","layerId":"","mediaType":"application/vnd.docker.distribution.manifest.v2+json","tag":["generateThumbnail_version-10"],"timeCreatedMs":"315532801000","timeUploadedMs":"1627917044675"}},"name":"vitacoach/gcf/us-central1/cf666b85-f5a3-4ea7-8ad6-9ca70cdc837e","tags":["generateThumbnail_version-10"]}
[debug] [2021-08-02T15:11:03.407Z] <<< [apiv2][status] GET https://us.gcr.io/v2/vitacoach/gcf/us-central1/4fec2ff9-1bd1-47d3-9233-139c4885069c/tags/list 200
[debug] [2021-08-02T15:11:03.407Z] <<< [apiv2][body] GET https://us.gcr.io/v2/vitacoach/gcf/us-central1/4fec2ff9-1bd1-47d3-9233-139c4885069c/tags/list {"child":["cache"],"manifest":{"sha256:719bf6ec3836c063d0275d21b6cb927db3174b31547295e1b7a0261133edc054":{"imageSizeBytes":"423594417","layerId":"","mediaType":"application/vnd.docker.distribution.manifest.v2+json","tag":["helloWorld_version-11","latest"],"timeCreatedMs":"315532801000","timeUploadedMs":"1627917013819"}},"name":"vitacoach/gcf/us-central1/4fec2ff9-1bd1-47d3-9233-139c4885069c","tags":["helloWorld_version-11","latest"]}
[debug] [2021-08-02T15:11:03.409Z] >>> [apiv2][query] GET https://us.gcr.io/v2/vitacoach/gcf/us-central1/4fec2ff9-1bd1-47d3-9233-139c4885069c/cache/tags/list [none]
[debug] [2021-08-02T15:11:03.411Z] >>> [apiv2][query] DELETE https://us.gcr.io/v2/vitacoach/gcf/us-central1/4fec2ff9-1bd1-47d3-9233-139c4885069c/manifests/helloWorld_version-11 [none]
[debug] [2021-08-02T15:11:03.413Z] >>> [apiv2][query] DELETE https://us.gcr.io/v2/vitacoach/gcf/us-central1/4fec2ff9-1bd1-47d3-9233-139c4885069c/manifests/latest [none]
[debug] [2021-08-02T15:11:04.255Z] <<< [apiv2][status] GET https://us.gcr.io/v2/vitacoach/gcf/us-central1/cf666b85-f5a3-4ea7-8ad6-9ca70cdc837e/tags/list 200
[debug] [2021-08-02T15:11:04.255Z] <<< [apiv2][body] GET https://us.gcr.io/v2/vitacoach/gcf/us-central1/cf666b85-f5a3-4ea7-8ad6-9ca70cdc837e/tags/list {"child":[],"manifest":{"sha256:719bf6ec3836c063d0275d21b6cb927db3174b31547295e1b7a0261133edc054":{"imageSizeBytes":"423594417","layerId":"","mediaType":"application/vnd.docker.distribution.manifest.v2+json","tag":["generateThumbnail_version-10"],"timeCreatedMs":"315532801000","timeUploadedMs":"1627917044675"}},"name":"vitacoach/gcf/us-central1/cf666b85-f5a3-4ea7-8ad6-9ca70cdc837e","tags":["generateThumbnail_version-10"]}
[debug] [2021-08-02T15:11:04.497Z] <<< [apiv2][status] DELETE https://us.gcr.io/v2/vitacoach/gcf/us-central1/4fec2ff9-1bd1-47d3-9233-139c4885069c/manifests/helloWorld_version-11 202
[debug] [2021-08-02T15:11:04.497Z] <<< [apiv2][body] DELETE https://us.gcr.io/v2/vitacoach/gcf/us-central1/4fec2ff9-1bd1-47d3-9233-139c4885069c/manifests/helloWorld_version-11 {"errors":[]}
[debug] [2021-08-02T15:11:04.556Z] <<< [apiv2][status] GET https://us.gcr.io/v2/vitacoach/gcf/us-central1/4fec2ff9-1bd1-47d3-9233-139c4885069c/tags/list 200
[debug] [2021-08-02T15:11:04.557Z] <<< [apiv2][body] GET https://us.gcr.io/v2/vitacoach/gcf/us-central1/4fec2ff9-1bd1-47d3-9233-139c4885069c/tags/list {"child":["cache"],"manifest":{"sha256:719bf6ec3836c063d0275d21b6cb927db3174b31547295e1b7a0261133edc054":{"imageSizeBytes":"423594417","layerId":"","mediaType":"application/vnd.docker.distribution.manifest.v2+json","tag":["latest"],"timeCreatedMs":"315532801000","timeUploadedMs":"1627917013819"}},"name":"vitacoach/gcf/us-central1/4fec2ff9-1bd1-47d3-9233-139c4885069c","tags":["latest"]}
[debug] [2021-08-02T15:11:04.557Z] >>> [apiv2][query] DELETE https://us.gcr.io/v2/vitacoach/gcf/us-central1/cf666b85-f5a3-4ea7-8ad6-9ca70cdc837e/manifests/generateThumbnail_version-10 [none]
[debug] [2021-08-02T15:11:04.764Z] <<< [apiv2][status] DELETE https://us.gcr.io/v2/vitacoach/gcf/us-central1/4fec2ff9-1bd1-47d3-9233-139c4885069c/manifests/latest 202
[debug] [2021-08-02T15:11:04.765Z] <<< [apiv2][body] DELETE https://us.gcr.io/v2/vitacoach/gcf/us-central1/4fec2ff9-1bd1-47d3-9233-139c4885069c/manifests/latest {"errors":[]}
[debug] [2021-08-02T15:11:04.765Z] >>> [apiv2][query] DELETE https://us.gcr.io/v2/vitacoach/gcf/us-central1/4fec2ff9-1bd1-47d3-9233-139c4885069c/manifests/sha256:719bf6ec3836c063d0275d21b6cb927db3174b31547295e1b7a0261133edc054 [none]
[debug] [2021-08-02T15:11:11.019Z] <<< [apiv2][status] DELETE https://us.gcr.io/v2/vitacoach/gcf/us-central1/4fec2ff9-1bd1-47d3-9233-139c4885069c/manifests/sha256:719bf6ec3836c063d0275d21b6cb927db3174b31547295e1b7a0261133edc054 202
[debug] [2021-08-02T15:11:11.019Z] <<< [apiv2][body] DELETE https://us.gcr.io/v2/vitacoach/gcf/us-central1/4fec2ff9-1bd1-47d3-9233-139c4885069c/manifests/sha256:719bf6ec3836c063d0275d21b6cb927db3174b31547295e1b7a0261133edc054 {"errors":[]}
[debug] [2021-08-02T15:11:11.504Z] <<< [apiv2][status] DELETE https://us.gcr.io/v2/vitacoach/gcf/us-central1/cf666b85-f5a3-4ea7-8ad6-9ca70cdc837e/manifests/generateThumbnail_version-10 202
[debug] [2021-08-02T15:11:11.504Z] <<< [apiv2][body] DELETE https://us.gcr.io/v2/vitacoach/gcf/us-central1/cf666b85-f5a3-4ea7-8ad6-9ca70cdc837e/manifests/generateThumbnail_version-10 {"errors":[]}
[debug] [2021-08-02T15:11:11.507Z] >>> [apiv2][query] DELETE https://us.gcr.io/v2/vitacoach/gcf/us-central1/cf666b85-f5a3-4ea7-8ad6-9ca70cdc837e/manifests/sha256:719bf6ec3836c063d0275d21b6cb927db3174b31547295e1b7a0261133edc054 [none]
[debug] [2021-08-02T15:11:14.619Z] <<< [apiv2][status] DELETE https://us.gcr.io/v2/vitacoach/gcf/us-central1/cf666b85-f5a3-4ea7-8ad6-9ca70cdc837e/manifests/sha256:719bf6ec3836c063d0275d21b6cb927db3174b31547295e1b7a0261133edc054 202
[debug] [2021-08-02T15:11:14.619Z] <<< [apiv2][body] DELETE https://us.gcr.io/v2/vitacoach/gcf/us-central1/cf666b85-f5a3-4ea7-8ad6-9ca70cdc837e/manifests/sha256:719bf6ec3836c063d0275d21b6cb927db3174b31547295e1b7a0261133edc054 {"errors":[]}
[warn] ⚠  functions: Unhandled error cleaning up build images. This could result in a small monthly bill if not corrected. You can attempt to delete these images by redeploying or you can delete them manually at https://console.cloud.google.com/gcr/images/vitacoach/us/gcf 
[debug] [2021-08-02T15:11:15.183Z] > refreshing access token with scopes: ["email","https://www.googleapis.com/auth/cloud-platform","https://www.googleapis.com/auth/cloudplatformprojects.readonly","https://www.googleapis.com/auth/firebase","openid"]
[debug] [2021-08-02T15:11:15.183Z] >>> HTTP REQUEST POST https://www.googleapis.com/oauth2/v3/token  
 <request body omitted>
[debug] [2021-08-02T15:11:15.682Z] <<< HTTP RESPONSE 200 {"cache-control":"no-cache, no-store, max-age=0, must-revalidate","pragma":"no-cache","expires":"Mon, 01 Jan 1990 00:00:00 GMT","date":"Mon, 02 Aug 2021 15:11:15 GMT","content-type":"application/json; charset=utf-8","vary":"X-Origin, Referer, Origin,Accept-Encoding","server":"scaffolding on HTTPServer2","x-xss-protection":"0","x-frame-options":"SAMEORIGIN","x-content-type-options":"nosniff","alt-svc":"h3=\":443\"; ma=2592000,h3-29=\":443\"; ma=2592000,h3-T051=\":443\"; ma=2592000,h3-Q050=\":443\"; ma=2592000,h3-Q046=\":443\"; ma=2592000,h3-Q043=\":443\"; ma=2592000,quic=\":443\"; ma=2592000; v=\"46,43\"","accept-ranges":"none","transfer-encoding":"chunked"}
[debug] [2021-08-02T15:11:16.120Z] >>> HTTP REQUEST GET https://cloudfunctions.googleapis.com/v1/projects/vitacoach/locations/-/functions  
 
[debug] [2021-08-02T15:11:26.308Z] [functions] failed to list functions for vitacoach
[debug] [2021-08-02T15:11:26.308Z] [functions] Server Error. Client network socket disconnected before secure TLS connection was established
[debug] 
[error] 
[error] Error: An unexpected error has occurred.
